#
# There is insufficient memory for the Java Runtime Environment to continue.
# Native memory allocation (malloc) failed to allocate 788896 bytes for Chunk::new
# Possible reasons:
#   The system is out of physical RAM or swap space
#   The process is running with CompressedOops enabled, and the Java Heap may be blocking the growth of the native heap
# Possible solutions:
#   Reduce memory load on the system
#   Increase physical memory or swap space
#   Check if swap backing store is full
#   Decrease Java heap size (-Xmx/-Xms)
#   Decrease number of Java threads
#   Decrease Java thread stack sizes (-Xss)
#   Set larger code cache with -XX:ReservedCodeCacheSize=
#   JVM is running with Unscaled Compressed Oops mode in which the Java heap is
#     placed in the first 4GB address space. The Java Heap base address is the
#     maximum limit for the native heap growth. Please use -XX:HeapBaseMinAddress
#     to set the Java Heap base and to place the Java Heap above 4GB virtual address.
# This output file may be truncated or incomplete.
#
#  Out of Memory Error (allocation.cpp:389), pid=12136, tid=0x0000000000002ec8
#
# JRE version: OpenJDK Runtime Environment (8.0_242-b01) (build 1.8.0_242-release-1644-b01)
# Java VM: OpenJDK 64-Bit Server VM (25.242-b01 mixed mode windows-amd64 compressed oops)
# Failed to write core dump. Minidumps are not enabled by default on client versions of Windows
#

---------------  T H R E A D  ---------------

Current thread (0x000000001795a800):  JavaThread "C2 CompilerThread1" daemon [_thread_in_native, id=11976, stack(0x00000000190c0000,0x00000000191c0000)]

Stack: [0x00000000190c0000,0x00000000191c0000]
[error occurred during error reporting (printing stack bounds), id 0xc0000005]

Native frames: (J=compiled Java code, j=interpreted, Vv=VM code, C=native code)


Current CompileTask:
C2:  33368 9235       4       com.android.tools.r8.z.a.a.f::a (3630 bytes)


---------------  P R O C E S S  ---------------

Java Threads: ( => current thread )
  0x000000001f243000 JavaThread "stdout" [_thread_in_native, id=9056, stack(0x000000002ac90000,0x000000002ad90000)]
  0x000000001f241800 JavaThread "stderr" [_thread_in_native, id=12976, stack(0x000000002ab90000,0x000000002ac90000)]
  0x000000001f23a000 JavaThread "stdout" [_thread_in_native, id=12728, stack(0x000000002a960000,0x000000002aa60000)]
  0x000000001f23b800 JavaThread "stderr" [_thread_in_native, id=13164, stack(0x0000000000dd0000,0x0000000000ed0000)]
  0x000000001f241000 JavaThread "pool-2-thread-1" [_thread_blocked, id=14144, stack(0x000000002aa90000,0x000000002ab90000)]
  0x000000001f23e000 JavaThread "WorkerExecutor Queue Thread 2" [_thread_blocked, id=16520, stack(0x000000002a860000,0x000000002a960000)]
  0x000000001f23d000 JavaThread "WorkerExecutor Queue" [_thread_blocked, id=6184, stack(0x0000000029b90000,0x0000000029c90000)]
  0x000000001f23f800 JavaThread "Cache worker for execution history cache (C:\Users\NatBai\AndroidStudioProjects\mascotitassaludables\.gradle\6.5\executionHistory)" [_thread_blocked, id=12328, stack(0x000000002a560000,0x000000002a660000)]
  0x000000001f23b000 JavaThread "Execution worker for ':' Thread 3" [_thread_blocked, id=8892, stack(0x000000002a460000,0x000000002a560000)]
  0x00000000207ff000 JavaThread "Execution worker for ':' Thread 2" [_thread_blocked, id=9084, stack(0x000000002a360000,0x000000002a460000)]
  0x00000000207fe800 JavaThread "Execution worker for ':'" [_thread_blocked, id=14644, stack(0x0000000029df0000,0x0000000029ef0000)]
  0x00000000207fd800 JavaThread "Cache worker for file content cache (C:\Users\NatBai\AndroidStudioProjects\mascotitassaludables\.gradle\6.5\fileContent)" [_thread_blocked, id=15840, stack(0x0000000029cf0000,0x0000000029df0000)]
  0x00000000207fd000 JavaThread "Memory manager" [_thread_blocked, id=2260, stack(0x0000000029a90000,0x0000000029b90000)]
  0x00000000207fc000 JavaThread "pool-1-thread-1" [_thread_blocked, id=10016, stack(0x00000000288e0000,0x00000000289e0000)]
  0x00000000207f4800 JavaThread "Cache worker for Build Output Cleanup Cache (C:\Users\NatBai\AndroidStudioProjects\mascotitassaludables\.gradle\buildOutputCleanup)" [_thread_blocked, id=12960, stack(0x00000000285e0000,0x00000000286e0000)]
  0x00000000207f4000 JavaThread "jar transforms Thread 92" [_thread_blocked, id=12620, stack(0x00000000282e0000,0x00000000283e0000)]
  0x00000000207fa800 JavaThread "jar transforms Thread 91" [_thread_blocked, id=12148, stack(0x00000000281e0000,0x00000000282e0000)]
  0x00000000207fa000 JavaThread "jar transforms Thread 90" [_thread_blocked, id=10444, stack(0x00000000280e0000,0x00000000281e0000)]
  0x00000000207f2800 JavaThread "jar transforms Thread 89" [_thread_blocked, id=7852, stack(0x0000000027fe0000,0x00000000280e0000)]
  0x00000000207f9000 JavaThread "jar transforms Thread 88" [_thread_blocked, id=16296, stack(0x0000000027ee0000,0x0000000027fe0000)]
  0x00000000207f1800 JavaThread "jar transforms Thread 87" [_thread_blocked, id=11748, stack(0x0000000027de0000,0x0000000027ee0000)]
  0x00000000207f3000 JavaThread "jar transforms Thread 86" [_thread_blocked, id=1936, stack(0x0000000027ce0000,0x0000000027de0000)]
  0x00000000207f8800 JavaThread "jar transforms Thread 85" [_thread_blocked, id=13944, stack(0x0000000027be0000,0x0000000027ce0000)]
  0x00000000207f1000 JavaThread "jar transforms Thread 84" [_thread_blocked, id=13512, stack(0x0000000027ae0000,0x0000000027be0000)]
  0x00000000207f7800 JavaThread "jar transforms Thread 83" [_thread_blocked, id=12348, stack(0x00000000279e0000,0x0000000027ae0000)]
  0x00000000207f6000 JavaThread "jar transforms Thread 82" [_thread_blocked, id=9028, stack(0x00000000278e0000,0x00000000279e0000)]
  0x00000000207f5800 JavaThread "jar transforms Thread 81" [_thread_blocked, id=4760, stack(0x00000000277e0000,0x00000000278e0000)]
  0x00000000207f7000 JavaThread "jar transforms Thread 80" [_thread_blocked, id=6296, stack(0x00000000276e0000,0x00000000277e0000)]
  0x00000000207f0000 JavaThread "jar transforms Thread 79" [_thread_blocked, id=15404, stack(0x00000000275e0000,0x00000000276e0000)]
  0x000000001c0cb000 JavaThread "jar transforms Thread 78" [_thread_blocked, id=1620, stack(0x00000000274e0000,0x00000000275e0000)]
  0x000000001c0d0800 JavaThread "jar transforms Thread 77" [_thread_blocked, id=5768, stack(0x00000000273e0000,0x00000000274e0000)]
  0x000000001c0cf800 JavaThread "jar transforms Thread 76" [_thread_blocked, id=10064, stack(0x00000000272e0000,0x00000000273e0000)]
  0x000000001c0ca800 JavaThread "jar transforms Thread 75" [_thread_blocked, id=16048, stack(0x00000000271e0000,0x00000000272e0000)]
  0x000000001c0cc800 JavaThread "jar transforms Thread 74" [_thread_blocked, id=14200, stack(0x00000000270e0000,0x00000000271e0000)]
  0x000000001c0cf000 JavaThread "jar transforms Thread 73" [_thread_blocked, id=6316, stack(0x0000000026fe0000,0x00000000270e0000)]
  0x000000001c0ce000 JavaThread "jar transforms Thread 72" [_thread_blocked, id=8328, stack(0x0000000026ee0000,0x0000000026fe0000)]
  0x000000001c0cc000 JavaThread "jar transforms Thread 71" [_thread_blocked, id=7292, stack(0x0000000026de0000,0x0000000026ee0000)]
  0x000000001c0cd800 JavaThread "jar transforms Thread 70" [_thread_blocked, id=8560, stack(0x0000000026ce0000,0x0000000026de0000)]
  0x000000001c0d1000 JavaThread "jar transforms Thread 69" [_thread_blocked, id=16616, stack(0x0000000026be0000,0x0000000026ce0000)]
  0x000000001c0c3000 JavaThread "jar transforms Thread 68" [_thread_blocked, id=16176, stack(0x0000000026ae0000,0x0000000026be0000)]
  0x000000001c0c9800 JavaThread "jar transforms Thread 67" [_thread_blocked, id=14544, stack(0x00000000269e0000,0x0000000026ae0000)]
  0x000000001c0c9000 JavaThread "jar transforms Thread 66" [_thread_blocked, id=14408, stack(0x00000000268e0000,0x00000000269e0000)]
  0x000000001c0c8000 JavaThread "jar transforms Thread 65" [_thread_blocked, id=12076, stack(0x00000000267e0000,0x00000000268e0000)]
  0x000000001c0c2000 JavaThread "jar transforms Thread 64" [_thread_blocked, id=17264, stack(0x00000000266e0000,0x00000000267e0000)]
  0x000000001c0c7800 JavaThread "jar transforms Thread 63" [_thread_blocked, id=14456, stack(0x00000000265e0000,0x00000000266e0000)]
  0x000000001c0c3800 JavaThread "jar transforms Thread 62" [_thread_blocked, id=10412, stack(0x00000000264e0000,0x00000000265e0000)]
  0x000000001c0c6800 JavaThread "jar transforms Thread 61" [_thread_blocked, id=4424, stack(0x00000000263e0000,0x00000000264e0000)]
  0x000000001c0c6000 JavaThread "jar transforms Thread 60" [_thread_blocked, id=14668, stack(0x00000000262e0000,0x00000000263e0000)]
  0x000000001c0c5000 JavaThread "jar transforms Thread 59" [_thread_blocked, id=10548, stack(0x00000000261e0000,0x00000000262e0000)]
  0x000000001c0c4800 JavaThread "jar transforms Thread 58" [_thread_blocked, id=11496, stack(0x00000000260e0000,0x00000000261e0000)]
  0x000000001ddcf000 JavaThread "jar transforms Thread 57" [_thread_blocked, id=16960, stack(0x0000000025fe0000,0x00000000260e0000)]
  0x000000001ddcf800 JavaThread "jar transforms Thread 56" [_thread_blocked, id=15340, stack(0x0000000025ee0000,0x0000000025fe0000)]
  0x000000001ddce000 JavaThread "jar transforms Thread 55" [_thread_blocked, id=10176, stack(0x0000000025de0000,0x0000000025ee0000)]
  0x000000001ddcd800 JavaThread "jar transforms Thread 54" [_thread_blocked, id=17056, stack(0x0000000025ce0000,0x0000000025de0000)]
  0x000000001ddcc000 JavaThread "jar transforms Thread 53" [_thread_blocked, id=16076, stack(0x0000000025be0000,0x0000000025ce0000)]
  0x000000001ddcb000 JavaThread "jar transforms Thread 52" [_thread_blocked, id=3544, stack(0x0000000025ae0000,0x0000000025be0000)]
  0x000000001ddca800 JavaThread "jar transforms Thread 51" [_thread_blocked, id=12912, stack(0x00000000259e0000,0x0000000025ae0000)]
  0x000000001ddcc800 JavaThread "jar transforms Thread 50" [_thread_blocked, id=16392, stack(0x00000000258e0000,0x00000000259e0000)]
  0x000000001ddc9800 JavaThread "jar transforms Thread 49" [_thread_blocked, id=12924, stack(0x00000000257e0000,0x00000000258e0000)]
  0x000000001ddc2000 JavaThread "jar transforms Thread 48" [_thread_blocked, id=4280, stack(0x00000000256e0000,0x00000000257e0000)]
  0x000000001ddc9000 JavaThread "jar transforms Thread 47" [_thread_blocked, id=15544, stack(0x00000000255e0000,0x00000000256e0000)]
  0x000000001ddc1800 JavaThread "jar transforms Thread 46" [_thread_blocked, id=10376, stack(0x00000000254e0000,0x00000000255e0000)]
  0x000000001ddc8000 JavaThread "jar transforms Thread 45" [_thread_blocked, id=11512, stack(0x00000000253e0000,0x00000000254e0000)]
  0x000000001ddc6800 JavaThread "jar transforms Thread 44" [_thread_blocked, id=1856, stack(0x00000000252e0000,0x00000000253e0000)]
  0x000000001ddc7800 JavaThread "jar transforms Thread 43" [_thread_blocked, id=12640, stack(0x00000000251e0000,0x00000000252e0000)]
  0x000000001ddc6000 JavaThread "jar transforms Thread 42" [_thread_blocked, id=7912, stack(0x00000000250e0000,0x00000000251e0000)]
  0x000000001ddc5000 JavaThread "jar transforms Thread 41" [_thread_blocked, id=8132, stack(0x0000000024fe0000,0x00000000250e0000)]
  0x000000001ddc0800 JavaThread "jar transforms Thread 40" [_thread_blocked, id=16948, stack(0x0000000024ee0000,0x0000000024fe0000)]
  0x000000001ddc4800 JavaThread "jar transforms Thread 39" [_thread_blocked, id=14804, stack(0x0000000024de0000,0x0000000024ee0000)]
  0x000000001ddc3800 JavaThread "jar transforms Thread 38" [_thread_blocked, id=1204, stack(0x0000000024ce0000,0x0000000024de0000)]
  0x000000001ddc3000 JavaThread "jar transforms Thread 37" [_thread_blocked, id=3868, stack(0x0000000024be0000,0x0000000024ce0000)]
  0x0000000019bd4000 JavaThread "jar transforms Thread 36" [_thread_blocked, id=9744, stack(0x0000000024ae0000,0x0000000024be0000)]
  0x0000000019bd1800 JavaThread "jar transforms Thread 35" [_thread_blocked, id=7360, stack(0x00000000249e0000,0x0000000024ae0000)]
  0x0000000019bd2800 JavaThread "jar transforms Thread 34" [_thread_blocked, id=10792, stack(0x00000000248e0000,0x00000000249e0000)]
  0x0000000019bd1000 JavaThread "jar transforms Thread 33" [_thread_blocked, id=15920, stack(0x00000000247e0000,0x00000000248e0000)]
  0x0000000019bd3000 JavaThread "jar transforms Thread 32" [_thread_blocked, id=12108, stack(0x00000000246e0000,0x00000000247e0000)]
  0x0000000019bd0000 JavaThread "jar transforms Thread 31" [_thread_blocked, id=13288, stack(0x00000000245e0000,0x00000000246e0000)]
  0x0000000019bc8800 JavaThread "jar transforms Thread 30" [_thread_blocked, id=1784, stack(0x00000000244e0000,0x00000000245e0000)]
  0x0000000019bce000 JavaThread "jar transforms Thread 29" [_thread_blocked, id=11768, stack(0x00000000243e0000,0x00000000244e0000)]
  0x0000000019bcf800 JavaThread "jar transforms Thread 28" [_thread_blocked, id=9580, stack(0x00000000242e0000,0x00000000243e0000)]
  0x0000000019bcc800 JavaThread "jar transforms Thread 27" [_thread_blocked, id=9344, stack(0x00000000241e0000,0x00000000242e0000)]
  0x0000000019bce800 JavaThread "jar transforms Thread 26" [_thread_blocked, id=11052, stack(0x00000000240e0000,0x00000000241e0000)]
  0x0000000019bcd000 JavaThread "jar transforms Thread 25" [_thread_blocked, id=9712, stack(0x0000000023fe0000,0x00000000240e0000)]
  0x0000000019bca000 JavaThread "jar transforms Thread 24" [_thread_blocked, id=13680, stack(0x0000000023ee0000,0x0000000023fe0000)]
  0x0000000019bc7000 JavaThread "jar transforms Thread 23" [_thread_blocked, id=9456, stack(0x0000000023de0000,0x0000000023ee0000)]
  0x0000000019bc9800 JavaThread "jar transforms Thread 22" [_thread_blocked, id=16024, stack(0x0000000023ce0000,0x0000000023de0000)]
  0x0000000019bc5000 JavaThread "jar transforms Thread 21" [_thread_blocked, id=9160, stack(0x0000000023be0000,0x0000000023ce0000)]
  0x0000000019bc6800 JavaThread "jar transforms Thread 20" [_thread_blocked, id=8564, stack(0x0000000023ae0000,0x0000000023be0000)]
  0x0000000019bcb800 JavaThread "jar transforms Thread 19" [_thread_blocked, id=8288, stack(0x00000000239e0000,0x0000000023ae0000)]
  0x0000000019bc5800 JavaThread "jar transforms Thread 18" [_thread_blocked, id=1504, stack(0x00000000238e0000,0x00000000239e0000)]
  0x0000000019bcb000 JavaThread "jar transforms Thread 17" [_thread_blocked, id=16984, stack(0x00000000237e0000,0x00000000238e0000)]
  0x0000000019bc8000 JavaThread "jar transforms Thread 16" [_thread_blocked, id=16524, stack(0x00000000236e0000,0x00000000237e0000)]
  0x000000001f9e8000 JavaThread "jar transforms Thread 15" [_thread_blocked, id=16976, stack(0x00000000235e0000,0x00000000236e0000)]
  0x000000001f9ed800 JavaThread "jar transforms Thread 14" [_thread_blocked, id=304, stack(0x00000000234e0000,0x00000000235e0000)]
  0x000000001f9e7800 JavaThread "jar transforms Thread 13" [_thread_blocked, id=14808, stack(0x00000000233e0000,0x00000000234e0000)]
  0x000000001f9ec800 JavaThread "jar transforms Thread 12" [_thread_blocked, id=12476, stack(0x00000000232e0000,0x00000000233e0000)]
  0x000000001f9ec000 JavaThread "jar transforms Thread 11" [_thread_blocked, id=8672, stack(0x00000000231e0000,0x00000000232e0000)]
  0x000000001f9eb000 JavaThread "jar transforms Thread 10" [_thread_blocked, id=10664, stack(0x0000000022fe0000,0x00000000230e0000)]
  0x000000001f9ea800 JavaThread "jar transforms Thread 9" [_thread_blocked, id=10968, stack(0x0000000022ee0000,0x0000000022fe0000)]
  0x000000001f9ee000 JavaThread "jar transforms Thread 8" [_thread_blocked, id=4304, stack(0x0000000022de0000,0x0000000022ee0000)]
  0x000000001f9e9800 JavaThread "jar transforms Thread 7" [_thread_blocked, id=16260, stack(0x0000000022ce0000,0x0000000022de0000)]
  0x000000001f9e9000 JavaThread "jar transforms Thread 6" [_thread_blocked, id=9892, stack(0x0000000022be0000,0x0000000022ce0000)]
  0x000000001f9e6800 JavaThread "jar transforms Thread 5" [_thread_blocked, id=14512, stack(0x0000000022ae0000,0x0000000022be0000)]
  0x000000001f9e2000 JavaThread "jar transforms Thread 4" [_thread_blocked, id=2312, stack(0x00000000229e0000,0x0000000022ae0000)]
  0x000000001f9e4800 JavaThread "jar transforms Thread 3" [_thread_blocked, id=3136, stack(0x00000000228e0000,0x00000000229e0000)]
  0x000000001f9e5000 JavaThread "jar transforms Thread 2" [_thread_blocked, id=15964, stack(0x00000000227e0000,0x00000000228e0000)]
  0x000000001f9e0800 JavaThread "Build operations Thread 4" [_thread_in_Java, id=7648, stack(0x00000000226e0000,0x00000000227e0000)]
  0x000000001f9e6000 JavaThread "Build operations Thread 3" [_thread_in_native, id=11908, stack(0x00000000225e0000,0x00000000226e0000)]
  0x000000001f9df000 JavaThread "Build operations Thread 2" [_thread_blocked, id=13936, stack(0x00000000224e0000,0x00000000225e0000)]
  0x000000001f9e3800 JavaThread "Build operations" [_thread_blocked, id=15492, stack(0x00000000223e0000,0x00000000224e0000)]
  0x000000001aa17000 JavaThread "Cache worker for file content cache (C:\Users\NatBai\.gradle\caches\6.5\fileContent)" [_thread_blocked, id=11484, stack(0x0000000021ce0000,0x0000000021de0000)]
  0x000000001aa14800 JavaThread "jar transforms" [_thread_blocked, id=9952, stack(0x0000000021be0000,0x0000000021ce0000)]
  0x000000001aa14000 JavaThread "Cache worker for execution history cache (C:\Users\NatBai\.gradle\caches\6.5\executionHistory)" [_thread_blocked, id=14792, stack(0x0000000020420000,0x0000000020520000)]
  0x000000001aa12800 JavaThread "Cache worker for cache directory md-rule (C:\Users\NatBai\.gradle\caches\6.5\md-rule)" [_thread_blocked, id=7616, stack(0x0000000020320000,0x0000000020420000)]
  0x000000001aa11800 JavaThread "Cache worker for cache directory md-supplier (C:\Users\NatBai\.gradle\caches\6.5\md-supplier)" [_thread_blocked, id=1904, stack(0x0000000020220000,0x0000000020320000)]
  0x000000001aa16000 JavaThread "Cache worker for checksums cache (C:\Users\NatBai\AndroidStudioProjects\mascotitassaludables\.gradle\checksums)" [_thread_blocked, id=1384, stack(0x0000000020120000,0x0000000020220000)]
  0x000000001aa18800 JavaThread "Cache worker for file hash cache (C:\Users\NatBai\AndroidStudioProjects\mascotitassaludables\.gradle\6.5\fileHashes)" [_thread_blocked, id=14352, stack(0x000000001fe20000,0x000000001ff20000)]
  0x000000001aa15800 JavaThread "Cache worker for file hash cache (C:\Users\NatBai\.gradle\caches\6.5\fileHashes)" [_thread_blocked, id=12636, stack(0x000000001e950000,0x000000001ea50000)]
  0x000000001aa13000 JavaThread "File lock request listener" [_thread_in_native, id=5804, stack(0x000000001d880000,0x000000001d980000)]
  0x00000000195ec800 JavaThread "Cache worker for journal cache (C:\Users\NatBai\.gradle\caches\journal-1)" [_thread_blocked, id=14584, stack(0x000000001d780000,0x000000001d880000)]
  0x000000001a710000 JavaThread "Thread-9" [_thread_blocked, id=12168, stack(0x000000001d480000,0x000000001d580000)]
  0x000000001a70f000 JavaThread "Stdin handler" [_thread_blocked, id=7076, stack(0x000000001d380000,0x000000001d480000)]
  0x000000001a70c800 JavaThread "Asynchronous log dispatcher for DefaultDaemonConnection: socket connection from /127.0.0.1:60209 to /127.0.0.1:60210" [_thread_blocked, id=7944, stack(0x000000001d280000,0x000000001d380000)]
  0x000000001a67b800 JavaThread "Daemon worker" [_thread_blocked, id=16480, stack(0x000000001d180000,0x000000001d280000)]
  0x000000001a67b000 JavaThread "Cancel handler" [_thread_blocked, id=4540, stack(0x000000001d080000,0x000000001d180000)]
  0x00000000195b2000 JavaThread "Handler for socket connection from /127.0.0.1:60209 to /127.0.0.1:60210" [_thread_in_native, id=16540, stack(0x000000001cf80000,0x000000001d080000)]
  0x00000000195af800 JavaThread "Daemon" [_thread_blocked, id=12536, stack(0x000000001ce80000,0x000000001cf80000)]
  0x000000001a996000 JavaThread "Daemon periodic checks" [_thread_blocked, id=8800, stack(0x000000001cb80000,0x000000001cc80000)]
  0x000000001a995000 JavaThread "Incoming local TCP Connector on port 60209" [_thread_in_native, id=1276, stack(0x000000001c910000,0x000000001ca10000)]
  0x000000001938c800 JavaThread "Daemon health stats" [_thread_blocked, id=3952, stack(0x000000001b300000,0x000000001b400000)]
  0x00000000179ae800 JavaThread "Service Thread" daemon [_thread_blocked, id=17092, stack(0x00000000196c0000,0x00000000197c0000)]
  0x000000001797e800 JavaThread "C1 CompilerThread2" daemon [_thread_blocked, id=10260, stack(0x00000000191c0000,0x00000000192c0000)]
=>0x000000001795a800 JavaThread "C2 CompilerThread1" daemon [_thread_in_native, id=11976, stack(0x00000000190c0000,0x00000000191c0000)]
  0x0000000017952800 JavaThread "C2 CompilerThread0" daemon [_thread_in_native, id=6384, stack(0x0000000018fc0000,0x00000000190c0000)]
  0x0000000017951000 JavaThread "Attach Listener" daemon [_thread_blocked, id=9244, stack(0x0000000018ec0000,0x0000000018fc0000)]
  0x0000000017955000 JavaThread "Signal Dispatcher" daemon [_thread_blocked, id=13444, stack(0x0000000018dc0000,0x0000000018ec0000)]
  0x0000000002d2b800 JavaThread "Finalizer" daemon [_thread_blocked, id=9592, stack(0x0000000018ba0000,0x0000000018ca0000)]
  0x0000000017939000 JavaThread "Reference Handler" daemon [_thread_blocked, id=16420, stack(0x0000000018aa0000,0x0000000018ba0000)]
  0x0000000002c2e000 JavaThread "main" [_thread_blocked, id=11360, stack(0x0000000002ab0000,0x0000000002bb0000)]

Other Threads:
  0x0000000017916000 VMThread [stack: 0x00000000189a0000,0x0000000018aa0000] [id=12240]
  0x00000000192ed800 WatcherThread [stack: 0x00000000197c0000,0x00000000198c0000] [id=6932]

VM state:not at safepoint (normal execution)

VM Mutex/Monitor currently owned by a thread: None

heap address: 0x0000000080000000, size: 2048 MB, Compressed Oops mode: 32-bit
Narrow klass base: 0x0000000000000000, Narrow klass shift: 3
Compressed class space size: 1073741824 Address: 0x0000000100000000

Heap:
 PSYoungGen      total 201216K, used 121196K [0x00000000d5580000, 0x00000000e6280000, 0x0000000100000000)
  eden space 180224K, 55% used [0x00000000d5580000,0x00000000db75b2e8,0x00000000e0580000)
  from space 20992K, 100% used [0x00000000e4e00000,0x00000000e6280000,0x00000000e6280000)
  to   space 16384K, 0% used [0x00000000e0580000,0x00000000e0580000,0x00000000e1580000)
 ParOldGen       total 130560K, used 61809K [0x0000000080000000, 0x0000000087f80000, 0x00000000d5580000)
  object space 130560K, 47% used [0x0000000080000000,0x0000000083c5c418,0x0000000087f80000)
 Metaspace       used 70301K, capacity 73860K, committed 74072K, reserved 1114112K
  class space    used 9662K, capacity 10325K, committed 10368K, reserved 1048576K

Card table byte_map: [0x00000000120f0000,0x0000000012500000] byte_map_base: 0x0000000011cf0000

Marking Bits: (ParMarkBitMap*) 0x000000005392f030
 Begin Bits: [0x0000000012bb0000, 0x0000000014bb0000)
 End Bits:   [0x0000000014bb0000, 0x0000000016bb0000)

Polling page: 0x00000000009f0000

CodeCache: size=245760Kb used=26493Kb max_used=26503Kb free=219266Kb
 bounds [0x0000000002d30000, 0x0000000004730000, 0x0000000011d30000]
 total_blobs=8955 nmethods=8151 adapters=716
 compilation: enabled

Compilation events (10 events):
Event: 33.290 Thread 0x000000001797e800 9258       2       com.android.tools.r8.graph.L0::<init> (19 bytes)
Event: 33.290 Thread 0x000000001797e800 nmethod 9258 0x000000000471cfd0 code [0x000000000471d120, 0x000000000471d270]
Event: 33.290 Thread 0x000000001797e800 9259       2       com.android.tools.r8.graph.M0::<init> (7 bytes)
Event: 33.291 Thread 0x0000000017952800 nmethod 9243 0x0000000004721050 code [0x0000000004721200, 0x0000000004721930]
Event: 33.291 Thread 0x000000001797e800 nmethod 9259 0x000000000471cc10 code [0x000000000471cd60, 0x000000000471ced0]
Event: 33.291 Thread 0x0000000017952800 9254       4       com.android.tools.r8.z.a.a.f::a (1070 bytes)
Event: 33.291 Thread 0x000000001797e800 9260       3       com.android.tools.r8.z.a.a.h::a (14 bytes)
Event: 33.291 Thread 0x000000001797e800 nmethod 9260 0x0000000004718090 code [0x0000000004718200, 0x0000000004718468]
Event: 33.312 Thread 0x000000001797e800 9263       2       com.android.tools.r8.graph.s::equals (60 bytes)
Event: 33.312 Thread 0x000000001797e800 nmethod 9263 0x0000000004719ad0 code [0x0000000004719c40, 0x0000000004719e70]

GC Heap History (10 events):
Event: 20.166 GC heap before
{Heap before GC invocations=13 (full 2):
 PSYoungGen      total 146432K, used 146294K [0x00000000d5580000, 0x00000000dfd00000, 0x0000000100000000)
  eden space 138240K, 100% used [0x00000000d5580000,0x00000000ddc80000,0x00000000ddc80000)
  from space 8192K, 98% used [0x00000000df500000,0x00000000dfcddbc8,0x00000000dfd00000)
  to   space 11776K, 0% used [0x00000000de600000,0x00000000de600000,0x00000000df180000)
 ParOldGen       total 86016K, used 14502K [0x0000000080000000, 0x0000000085400000, 0x00000000d5580000)
  object space 86016K, 16% used [0x0000000080000000,0x0000000080e29ba8,0x0000000085400000)
 Metaspace       used 50809K, capacity 52844K, committed 53080K, reserved 1095680K
  class space    used 6792K, capacity 7206K, committed 7296K, reserved 1048576K
Event: 20.254 GC heap after
Heap after GC invocations=13 (full 2):
 PSYoungGen      total 159744K, used 11772K [0x00000000d5580000, 0x00000000e2600000, 0x0000000100000000)
  eden space 147968K, 0% used [0x00000000d5580000,0x00000000d5580000,0x00000000de600000)
  from space 11776K, 99% used [0x00000000de600000,0x00000000df17f320,0x00000000df180000)
  to   space 16896K, 0% used [0x00000000e1580000,0x00000000e1580000,0x00000000e2600000)
 ParOldGen       total 86016K, used 24928K [0x0000000080000000, 0x0000000085400000, 0x00000000d5580000)
  object space 86016K, 28% used [0x0000000080000000,0x00000000818583e0,0x0000000085400000)
 Metaspace       used 50809K, capacity 52844K, committed 53080K, reserved 1095680K
  class space    used 6792K, capacity 7206K, committed 7296K, reserved 1048576K
}
Event: 22.081 GC heap before
{Heap before GC invocations=14 (full 2):
 PSYoungGen      total 159744K, used 75692K [0x00000000d5580000, 0x00000000e2600000, 0x0000000100000000)
  eden space 147968K, 43% used [0x00000000d5580000,0x00000000d93ec0b8,0x00000000de600000)
  from space 11776K, 99% used [0x00000000de600000,0x00000000df17f320,0x00000000df180000)
  to   space 16896K, 0% used [0x00000000e1580000,0x00000000e1580000,0x00000000e2600000)
 ParOldGen       total 86016K, used 24928K [0x0000000080000000, 0x0000000085400000, 0x00000000d5580000)
  object space 86016K, 28% used [0x0000000080000000,0x00000000818583e0,0x0000000085400000)
 Metaspace       used 56415K, capacity 58822K, committed 58968K, reserved 1099776K
  class space    used 7711K, capacity 8198K, committed 8320K, reserved 1048576K
Event: 22.202 GC heap after
Heap after GC invocations=14 (full 2):
 PSYoungGen      total 197120K, used 7648K [0x00000000d5580000, 0x00000000e3b80000, 0x0000000100000000)
  eden space 180224K, 0% used [0x00000000d5580000,0x00000000d5580000,0x00000000e0580000)
  from space 16896K, 45% used [0x00000000e1580000,0x00000000e1cf8190,0x00000000e2600000)
  to   space 16384K, 0% used [0x00000000e0580000,0x00000000e0580000,0x00000000e1580000)
 ParOldGen       total 86016K, used 36618K [0x0000000080000000, 0x0000000085400000, 0x00000000d5580000)
  object space 86016K, 42% used [0x0000000080000000,0x00000000823c2910,0x0000000085400000)
 Metaspace       used 56415K, capacity 58822K, committed 58968K, reserved 1099776K
  class space    used 7711K, capacity 8198K, committed 8320K, reserved 1048576K
}
Event: 22.202 GC heap before
{Heap before GC invocations=15 (full 3):
 PSYoungGen      total 197120K, used 7648K [0x00000000d5580000, 0x00000000e3b80000, 0x0000000100000000)
  eden space 180224K, 0% used [0x00000000d5580000,0x00000000d5580000,0x00000000e0580000)
  from space 16896K, 45% used [0x00000000e1580000,0x00000000e1cf8190,0x00000000e2600000)
  to   space 16384K, 0% used [0x00000000e0580000,0x00000000e0580000,0x00000000e1580000)
 ParOldGen       total 86016K, used 36618K [0x0000000080000000, 0x0000000085400000, 0x00000000d5580000)
  object space 86016K, 42% used [0x0000000080000000,0x00000000823c2910,0x0000000085400000)
 Metaspace       used 56415K, capacity 58822K, committed 58968K, reserved 1099776K
  class space    used 7711K, capacity 8198K, committed 8320K, reserved 1048576K
Event: 22.544 GC heap after
Heap after GC invocations=15 (full 3):
 PSYoungGen      total 197120K, used 0K [0x00000000d5580000, 0x00000000e3b80000, 0x0000000100000000)
  eden space 180224K, 0% used [0x00000000d5580000,0x00000000d5580000,0x00000000e0580000)
  from space 16896K, 0% used [0x00000000e1580000,0x00000000e1580000,0x00000000e2600000)
  to   space 16384K, 0% used [0x00000000e0580000,0x00000000e0580000,0x00000000e1580000)
 ParOldGen       total 130560K, used 33277K [0x0000000080000000, 0x0000000087f80000, 0x00000000d5580000)
  object space 130560K, 25% used [0x0000000080000000,0x000000008207f4c8,0x0000000087f80000)
 Metaspace       used 56402K, capacity 58780K, committed 58968K, reserved 1099776K
  class space    used 7707K, capacity 8191K, committed 8320K, reserved 1048576K
}
Event: 28.234 GC heap before
{Heap before GC invocations=16 (full 3):
 PSYoungGen      total 197120K, used 180224K [0x00000000d5580000, 0x00000000e3b80000, 0x0000000100000000)
  eden space 180224K, 100% used [0x00000000d5580000,0x00000000e0580000,0x00000000e0580000)
  from space 16896K, 0% used [0x00000000e1580000,0x00000000e1580000,0x00000000e2600000)
  to   space 16384K, 0% used [0x00000000e0580000,0x00000000e0580000,0x00000000e1580000)
 ParOldGen       total 130560K, used 33277K [0x0000000080000000, 0x0000000087f80000, 0x00000000d5580000)
  object space 130560K, 25% used [0x0000000080000000,0x000000008207f4c8,0x0000000087f80000)
 Metaspace       used 64194K, capacity 67146K, committed 67544K, reserved 1107968K
  class space    used 8822K, capacity 9380K, committed 9472K, reserved 1048576K
Event: 28.302 GC heap after
Heap after GC invocations=16 (full 3):
 PSYoungGen      total 196608K, used 16365K [0x00000000d5580000, 0x00000000e6280000, 0x0000000100000000)
  eden space 180224K, 0% used [0x00000000d5580000,0x00000000d5580000,0x00000000e0580000)
  from space 16384K, 99% used [0x00000000e0580000,0x00000000e157b4e0,0x00000000e1580000)
  to   space 20992K, 0% used [0x00000000e4e00000,0x00000000e4e00000,0x00000000e6280000)
 ParOldGen       total 130560K, used 40976K [0x0000000080000000, 0x0000000087f80000, 0x00000000d5580000)
  object space 130560K, 31% used [0x0000000080000000,0x00000000828040e0,0x0000000087f80000)
 Metaspace       used 64194K, capacity 67146K, committed 67544K, reserved 1107968K
  class space    used 8822K, capacity 9380K, committed 9472K, reserved 1048576K
}
Event: 31.726 GC heap before
{Heap before GC invocations=17 (full 3):
 PSYoungGen      total 196608K, used 196584K [0x00000000d5580000, 0x00000000e6280000, 0x0000000100000000)
  eden space 180224K, 99% used [0x00000000d5580000,0x00000000e057eec0,0x00000000e0580000)
  from space 16384K, 99% used [0x00000000e0580000,0x00000000e157b4e0,0x00000000e1580000)
  to   space 20992K, 0% used [0x00000000e4e00000,0x00000000e4e00000,0x00000000e6280000)
 ParOldGen       total 130560K, used 40976K [0x0000000080000000, 0x0000000087f80000, 0x00000000d5580000)
  object space 130560K, 31% used [0x0000000080000000,0x00000000828040e0,0x0000000087f80000)
 Metaspace       used 67405K, capacity 70770K, committed 70872K, reserved 1110016K
  class space    used 9276K, capacity 9896K, committed 9984K, reserved 1048576K
Event: 32.018 GC heap after
Heap after GC invocations=17 (full 3):
 PSYoungGen      total 201216K, used 20992K [0x00000000d5580000, 0x00000000e6280000, 0x0000000100000000)
  eden space 180224K, 0% used [0x00000000d5580000,0x00000000d5580000,0x00000000e0580000)
  from space 20992K, 100% used [0x00000000e4e00000,0x00000000e6280000,0x00000000e6280000)
  to   space 16384K, 0% used [0x00000000e0580000,0x00000000e0580000,0x00000000e1580000)
 ParOldGen       total 130560K, used 61809K [0x0000000080000000, 0x0000000087f80000, 0x00000000d5580000)
  object space 130560K, 47% used [0x0000000080000000,0x0000000083c5c418,0x0000000087f80000)
 Metaspace       used 67405K, capacity 70770K, committed 70872K, reserved 1110016K
  class space    used 9276K, capacity 9896K, committed 9984K, reserved 1048576K
}

Deoptimization events (10 events):
Event: 32.451 Thread 0x000000001f9e6000 Uncommon trap: reason=unstable_if action=reinterpret pc=0x00000000040703dc method=java.nio.Bits.putInt(Ljava/nio/ByteBuffer;IIZ)V @ 1
Event: 32.546 Thread 0x000000001f9e6000 Uncommon trap: reason=unstable_if action=reinterpret pc=0x00000000045514c8 method=com.android.tools.r8.graph.i0.a(C)I @ 1
Event: 32.546 Thread 0x000000001f9e6000 Uncommon trap: reason=unstable_if action=reinterpret pc=0x00000000038546e8 method=com.android.tools.r8.graph.i0.a(C[BI)I @ 1
Event: 32.558 Thread 0x000000001f9e3800 Uncommon trap: reason=unstable_if action=reinterpret pc=0x0000000004560a40 method=com.android.tools.r8.utils.Y.d(I)Z @ 45
Event: 32.782 Thread 0x000000001f9df000 Uncommon trap: reason=unstable_if action=reinterpret pc=0x00000000045ee978 method=com.android.tools.r8.utils.T.d(Ljava/lang/String;)[Ljava/lang/String; @ 163
Event: 33.026 Thread 0x000000001f9e6000 Uncommon trap: reason=unstable_if action=reinterpret pc=0x00000000045a149c method=com.android.tools.r8.z.a.a.f.a(II[C)Ljava/lang/String; @ 59
Event: 33.026 Thread 0x000000001f9e6000 Uncommon trap: reason=unstable_if action=reinterpret pc=0x0000000004565200 method=com.android.tools.r8.graph.i0.a(C)I @ 16
Event: 33.026 Thread 0x000000001f9e6000 Uncommon trap: reason=unstable_if action=reinterpret pc=0x0000000002f62314 method=com.android.tools.r8.graph.i0.a(C[BI)I @ 27
Event: 33.056 Thread 0x000000001f9e3800 Uncommon trap: reason=unstable_if action=reinterpret pc=0x0000000004684b98 method=com.android.tools.r8.z.a.a.f.a(Lcom/android/tools/r8/z/a/a/a;ILjava/lang/String;[C)I @ 1
Event: 33.119 Thread 0x000000001f9e0800 Uncommon trap: reason=unstable_if action=reinterpret pc=0x0000000004620da8 method=com.android.tools.r8.graph.I0$a.a(Ljava/lang/String;Ljava/lang/Object;)V @ 120

Classes redefined (0 events):
No events

Internal exceptions (10 events):
Event: 29.797 Thread 0x000000001f23b000 Exception <a 'java/lang/NoSuchMethodError': <clinit>> (0x00000000d93857e8) thrown at [C:\src\AOSP-openjdk-git\hotspot\src\share\vm\prims\jni.cpp, line 1615]
Event: 29.811 Thread 0x000000001f23b000 Exception <a 'java/lang/NoSuchMethodError': <clinit>> (0x00000000d9400948) thrown at [C:\src\AOSP-openjdk-git\hotspot\src\share\vm\prims\jni.cpp, line 1615]
Event: 29.851 Thread 0x00000000207fe800 Exception <a 'java/lang/NoSuchMethodError': <clinit>> (0x00000000d94d5b70) thrown at [C:\src\AOSP-openjdk-git\hotspot\src\share\vm\prims\jni.cpp, line 1615]
Event: 31.069 Thread 0x000000001f9e3800 Implicit null exception at 0x00000000044d9e63 to 0x00000000044da30d
Event: 31.335 Thread 0x000000001f9e3800 Exception <a 'java/lang/NoSuchMethodError': java.lang.Object.lambda$static$0(Ljava/lang/String;)Z> (0x00000000dcc83530) thrown at [C:\src\AOSP-openjdk-git\hotspot\src\share\vm\interpreter\linkResolver.cpp, line 620]
Event: 31.472 Thread 0x000000001f9e3800 Exception <a 'sun/nio/fs/WindowsException'> (0x00000000dded0dc8) thrown at [C:\src\AOSP-openjdk-git\hotspot\src\share\vm\prims\jni.cpp, line 710]
Event: 31.494 Thread 0x000000001f9df000 Exception <a 'sun/nio/fs/WindowsException'> (0x00000000de3bb2b0) thrown at [C:\src\AOSP-openjdk-git\hotspot\src\share\vm\prims\jni.cpp, line 710]
Event: 31.676 Thread 0x000000001f9e6000 Exception <a 'sun/nio/fs/WindowsException'> (0x00000000e01271b0) thrown at [C:\src\AOSP-openjdk-git\hotspot\src\share\vm\prims\jni.cpp, line 710]
Event: 32.134 Thread 0x000000001f9e0800 Exception <a 'sun/nio/fs/WindowsException'> (0x00000000d5918078) thrown at [C:\src\AOSP-openjdk-git\hotspot\src\share\vm\prims\jni.cpp, line 710]
Event: 32.879 Thread 0x000000001f9e3800 Exception <a 'java/lang/IncompatibleClassChangeError': Found class java.lang.Object, but interface was expected> (0x00000000d7186628) thrown at [C:\src\AOSP-openjdk-git\hotspot\src\share\vm\interpreter\linkResolver.cpp, line 653]

Events (10 events):
Event: 33.359 loading class com/android/tools/r8/s/b/H0$a
Event: 33.359 loading class com/android/tools/r8/s/b/H0$a done
Event: 33.360 loading class com/android/tools/r8/graph/l0$b
Event: 33.360 loading class com/android/tools/r8/graph/l0$b done
Event: 33.360 loading class com/android/tools/r8/naming/Y/d
Event: 33.360 loading class com/android/tools/r8/naming/Y/d done
Event: 33.361 loading class com/android/tools/r8/naming/Y/b
Event: 33.361 loading class com/android/tools/r8/naming/Y/b done
Event: 33.363 loading class com/android/tools/r8/s/c/d0
Event: 33.363 loading class com/android/tools/r8/s/c/d0 done


Dynamic libraries:
0x00007ff7fdf20000 - 0x00007ff7fdf51000 	C:\Program Files\Android\Android Studio\jre\bin\java.exe
0x00007ffa01ab0000 - 0x00007ffa01ca5000 	C:\WINDOWS\SYSTEM32\ntdll.dll
0x00007ffa019b0000 - 0x00007ffa01a6d000 	C:\WINDOWS\System32\KERNEL32.DLL
0x00007ff9ff400000 - 0x00007ff9ff6c9000 	C:\WINDOWS\System32\KERNELBASE.dll
0x00007ffa005a0000 - 0x00007ffa0064c000 	C:\WINDOWS\System32\ADVAPI32.dll
0x00007ffa01550000 - 0x00007ffa015ee000 	C:\WINDOWS\System32\msvcrt.dll
0x00007ffa00650000 - 0x00007ffa006ec000 	C:\WINDOWS\System32\sechost.dll
0x00007ff9ffde0000 - 0x00007ff9fff0b000 	C:\WINDOWS\System32\RPCRT4.dll
0x00007ffa015f0000 - 0x00007ffa01790000 	C:\WINDOWS\System32\USER32.dll
0x00007ff9ff780000 - 0x00007ff9ff7a2000 	C:\WINDOWS\System32\win32u.dll
0x00007ffa01520000 - 0x00007ffa0154a000 	C:\WINDOWS\System32\GDI32.dll
0x00007ff9ff270000 - 0x00007ff9ff37b000 	C:\WINDOWS\System32\gdi32full.dll
0x00007ff9ff810000 - 0x00007ff9ff8ad000 	C:\WINDOWS\System32\msvcp_win.dll
0x00007ff9ff8b0000 - 0x00007ff9ff9b0000 	C:\WINDOWS\System32\ucrtbase.dll
0x00007ff9dfa40000 - 0x00007ff9dfcda000 	C:\WINDOWS\WinSxS\amd64_microsoft.windows.common-controls_6595b64144ccf1df_6.0.19041.844_none_ca00b6081b84eb1d\COMCTL32.dll
0x00007ffa00430000 - 0x00007ffa00460000 	C:\WINDOWS\System32\IMM32.DLL
0x0000000052fa0000 - 0x0000000053072000 	C:\Program Files\Android\Android Studio\jre\jre\bin\msvcr100.dll
0x0000000053160000 - 0x00000000539ab000 	C:\Program Files\Android\Android Studio\jre\jre\bin\server\jvm.dll
0x00007ffa014b0000 - 0x00007ffa014b8000 	C:\WINDOWS\System32\PSAPI.DLL
0x00007ff9f9fd0000 - 0x00007ff9f9ff7000 	C:\WINDOWS\SYSTEM32\WINMM.dll
0x00007ff9f9cb0000 - 0x00007ff9f9cba000 	C:\WINDOWS\SYSTEM32\VERSION.dll
0x00007ff9f5740000 - 0x00007ff9f5749000 	C:\WINDOWS\SYSTEM32\WSOCK32.dll
0x00007ffa007d0000 - 0x00007ffa0083b000 	C:\WINDOWS\System32\WS2_32.dll
0x00007ff9f2f80000 - 0x00007ff9f2f8f000 	C:\Program Files\Android\Android Studio\jre\jre\bin\verify.dll
0x00007ff9c6120000 - 0x00007ff9c6149000 	C:\Program Files\Android\Android Studio\jre\jre\bin\java.dll
0x00007ff9cd9e0000 - 0x00007ff9cd9f6000 	C:\Program Files\Android\Android Studio\jre\jre\bin\zip.dll
0x00007ffa00d60000 - 0x00007ffa014a2000 	C:\WINDOWS\System32\SHELL32.dll
0x00007ff9fd350000 - 0x00007ff9fdae0000 	C:\WINDOWS\SYSTEM32\windows.storage.dll
0x00007ffa008d0000 - 0x00007ffa00c25000 	C:\WINDOWS\System32\combase.dll
0x00007ff9fec60000 - 0x00007ff9fec8c000 	C:\WINDOWS\SYSTEM32\Wldp.dll
0x00007ffa00380000 - 0x00007ffa0042e000 	C:\WINDOWS\System32\SHCORE.dll
0x00007ffa01790000 - 0x00007ffa017e5000 	C:\WINDOWS\System32\shlwapi.dll
0x00007ff9ff130000 - 0x00007ff9ff14f000 	C:\WINDOWS\SYSTEM32\profapi.dll
0x00007ff9c6100000 - 0x00007ff9c611a000 	C:\Program Files\Android\Android Studio\jre\jre\bin\net.dll
0x00007ff9fe9e0000 - 0x00007ff9fea4a000 	C:\WINDOWS\system32\mswsock.dll
0x00007ff9c60e0000 - 0x00007ff9c60f3000 	C:\Program Files\Android\Android Studio\jre\jre\bin\nio.dll
0x00007ff9f2940000 - 0x00007ff9f2967000 	C:\Users\NatBai\.gradle\native\f6784746aeab05261644944871eae4fe03e0ef1612fff0a4a95f87b438bc6780\windows-amd64\native-platform.dll
0x00007ff9f26e0000 - 0x00007ff9f26ed000 	C:\Program Files\Android\Android Studio\jre\jre\bin\management.dll
0x00007ff9febb0000 - 0x00007ff9febc8000 	C:\WINDOWS\SYSTEM32\CRYPTSP.dll
0x00007ff9fe310000 - 0x00007ff9fe344000 	C:\WINDOWS\system32\rsaenh.dll
0x00007ff9ff380000 - 0x00007ff9ff3a7000 	C:\WINDOWS\System32\bcrypt.dll
0x00007ff9ff0b0000 - 0x00007ff9ff0de000 	C:\WINDOWS\SYSTEM32\USERENV.dll
0x00007ff9ff1f0000 - 0x00007ff9ff270000 	C:\WINDOWS\System32\bcryptprimitives.dll
0x00007ff9febd0000 - 0x00007ff9febdc000 	C:\WINDOWS\SYSTEM32\CRYPTBASE.dll
0x00007ff9fe680000 - 0x00007ff9fe6bb000 	C:\WINDOWS\SYSTEM32\IPHLPAPI.DLL
0x00007ffa019a0000 - 0x00007ffa019a8000 	C:\WINDOWS\System32\NSI.dll
0x00007ff9f8200000 - 0x00007ff9f8217000 	C:\WINDOWS\SYSTEM32\dhcpcsvc6.DLL
0x00007ff9f7f20000 - 0x00007ff9f7f3d000 	C:\WINDOWS\SYSTEM32\dhcpcsvc.DLL
0x00007ff9fe6d0000 - 0x00007ff9fe79b000 	C:\WINDOWS\SYSTEM32\DNSAPI.dll
0x00007ff9f89b0000 - 0x00007ff9f89bb000 	C:\WINDOWS\SYSTEM32\WINNSI.DLL

VM Arguments:
jvm_args: -Xmx2048m -Dfile.encoding=UTF-8 -Duser.country=HN -Duser.language=es -Duser.variant 
java_command: org.gradle.launcher.daemon.bootstrap.GradleDaemon 6.5
java_class_path (initial): C:\Users\NatBai\.gradle\wrapper\dists\gradle-6.5-bin\6nifqtx7604sqp1q6g8wikw7p\gradle-6.5\lib\gradle-launcher-6.5.jar
Launcher Type: SUN_STANDARD

Environment Variables:
PATH=C:\ProgramData\Oracle\Java\javapath;C:\Program Files (x86)\Common Files\Oracle\Java\javapath;C:\Program Files (x86)\Intel\iCLS Client\;C:\Program Files\Intel\iCLS Client\;C:\WINDOWS\system32;C:\WINDOWS;C:\WINDOWS\System32\Wbem;C:\WINDOWS\System32\WindowsPowerShell\v1.0\;C:\WINDOWS\System32\OpenSSH\;C:\Program Files (x86)\Intel\Intel(R) Management Engine Components\DAL;C:\Program Files\Intel\Intel(R) Management Engine Components\DAL;C:\Program Files (x86)\Intel\Intel(R) Management Engine Components\IPT;C:\Program Files\Intel\Intel(R) Management Engine Components\IPT;C:\Program Files\Git\cmd;C:\Program Files\dotnet\;C:\Apache24\PHP;C:\ProgramData\ComposerSetup\bin;C:\Program Files\MySQL\MySQL Shell 8.0\bin\;C:\Users\NatBai\AppData\Local\Microsoft\WindowsApps;;C:\Users\NatBai\AppData\Local\Programs\Microsoft VS Code\bin;C:\Program Files\heroku\bin;C:\Users\NatBai\AppData\Roaming\Composer\vendor\bin
USERNAME=NatBai
OS=Windows_NT
PROCESSOR_IDENTIFIER=Intel64 Family 6 Model 60 Stepping 3, GenuineIntel



---------------  S Y S T E M  ---------------

OS: Windows 10.0 , 64 bit Build 19041 (10.0.19041.804)

CPU:total 4 (initial active 4) (2 cores per cpu, 2 threads per core) family 6 model 60 stepping 3, cmov, cx8, fxsr, mmx, sse, sse2, sse3, ssse3, sse4.1, sse4.2, popcnt, avx, avx2, aes, clmul, erms, lzcnt, ht, tsc, tscinvbit, bmi1, bmi2

Memory: 4k page, physical 8299628k(347196k free), swap 12395628k(5292k free)

vm_info: OpenJDK 64-Bit Server VM (25.242-b01) for windows-amd64 JRE (1.8.0_242-release-1644-b01), built by "builder" with MS VC++ 10.0 (VS2010)

time: Fri Apr 02 13:06:44 2021
timezone: Hora estándar, América Central
elapsed time: 33 seconds (0d 0h 0m 33s)

