#
# There is insufficient memory for the Java Runtime Environment to continue.
# Native memory allocation (malloc) failed to allocate 2019696 bytes for Chunk::new
# Possible reasons:
#   The system is out of physical RAM or swap space
#   The process is running with CompressedOops enabled, and the Java Heap may be blocking the growth of the native heap
# Possible solutions:
#   Reduce memory load on the system
#   Increase physical memory or swap space
#   Check if swap backing store is full
#   Decrease Java heap size (-Xmx/-Xms)
#   Decrease number of Java threads
#   Decrease Java thread stack sizes (-Xss)
#   Set larger code cache with -XX:ReservedCodeCacheSize=
#   JVM is running with Unscaled Compressed Oops mode in which the Java heap is
#     placed in the first 4GB address space. The Java Heap base address is the
#     maximum limit for the native heap growth. Please use -XX:HeapBaseMinAddress
#     to set the Java Heap base and to place the Java Heap above 4GB virtual address.
# This output file may be truncated or incomplete.
#
#  Out of Memory Error (allocation.cpp:389), pid=12308, tid=0x0000000000001544
#
# JRE version: OpenJDK Runtime Environment (8.0_242-b01) (build 1.8.0_242-release-1644-b01)
# Java VM: OpenJDK 64-Bit Server VM (25.242-b01 mixed mode windows-amd64 compressed oops)
# Failed to write core dump. Minidumps are not enabled by default on client versions of Windows
#

---------------  T H R E A D  ---------------

Current thread (0x0000000017d82800):  JavaThread "C2 CompilerThread0" daemon [_thread_in_native, id=5444, stack(0x0000000019410000,0x0000000019510000)]

Stack: [0x0000000019410000,0x0000000019510000]
[error occurred during error reporting (printing stack bounds), id 0xc0000005]

Native frames: (J=compiled Java code, j=interpreted, Vv=VM code, C=native code)


Current CompileTask:
C2:  29033 8838   !   4       java.io.ObjectOutputStream::writeObject0 (619 bytes)


---------------  P R O C E S S  ---------------

Java Threads: ( => current thread )
  0x000000001ec57800 JavaThread "stdout" [_thread_in_native, id=11164, stack(0x000000002bdf0000,0x000000002bef0000)]
  0x000000001ec59000 JavaThread "stderr" [_thread_in_native, id=8032, stack(0x000000002bcf0000,0x000000002bdf0000)]
  0x000000001ec57000 JavaThread "stdout" [_thread_blocked, id=8544, stack(0x000000002bbf0000,0x000000002bcf0000)]
  0x000000001ec54800 JavaThread "stderr" [_thread_blocked, id=5756, stack(0x000000002baf0000,0x000000002bbf0000)]
  0x000000001ec55800 JavaThread "stdout" [_thread_in_native, id=13732, stack(0x000000002b9f0000,0x000000002baf0000)]
  0x000000001ec56000 JavaThread "stderr" [_thread_in_native, id=13432, stack(0x000000002b6d0000,0x000000002b7d0000)]
  0x000000001ec58800 JavaThread "stdout" [_thread_in_native, id=17380, stack(0x000000002b8f0000,0x000000002b9f0000)]
  0x000000001ec4d000 JavaThread "stderr" [_thread_in_native, id=16656, stack(0x000000002b7f0000,0x000000002b8f0000)]
  0x000000001ec54000 JavaThread "pool-2-thread-1" [_thread_blocked, id=12412, stack(0x000000002b2b0000,0x000000002b3b0000)]
  0x000000001ec53000 JavaThread "MarlinRenderer Disposer" daemon [_thread_blocked, id=17292, stack(0x000000002b3d0000,0x000000002b4d0000)]
  0x000000001ec4b800 JavaThread "Java2D Disposer" daemon [_thread_blocked, id=13508, stack(0x000000002b1b0000,0x000000002b2b0000)]
  0x000000001ec4c800 JavaThread "WorkerExecutor Queue Thread 4" [_thread_blocked, id=17084, stack(0x000000002adb0000,0x000000002aeb0000)]
  0x000000001ec52800 JavaThread "WorkerExecutor Queue Thread 3" [_thread_blocked, id=9384, stack(0x000000002acb0000,0x000000002adb0000)]
  0x000000001ec4b000 JavaThread "WorkerExecutor Queue Thread 2" [_thread_blocked, id=11840, stack(0x000000002abb0000,0x000000002acb0000)]
  0x000000001ec51800 JavaThread "WorkerExecutor Queue" [_thread_blocked, id=7560, stack(0x000000002aab0000,0x000000002abb0000)]
  0x000000001ec50000 JavaThread "Cache worker for execution history cache (C:\Users\NatBai\AndroidStudioProjects\mascotitassaludables\.gradle\6.5\executionHistory)" [_thread_blocked, id=10484, stack(0x000000002a5b0000,0x000000002a6b0000)]
  0x000000001ec4e800 JavaThread "Execution worker for ':' Thread 3" [_thread_blocked, id=8608, stack(0x000000002a4b0000,0x000000002a5b0000)]
  0x0000000020bc6800 JavaThread "Execution worker for ':' Thread 2" [_thread_blocked, id=4084, stack(0x000000002a3b0000,0x000000002a4b0000)]
  0x0000000020bcd800 JavaThread "Execution worker for ':'" [_thread_blocked, id=11592, stack(0x000000002a2b0000,0x000000002a3b0000)]
  0x0000000020bc6000 JavaThread "Cache worker for file content cache (C:\Users\NatBai\AndroidStudioProjects\mascotitassaludables\.gradle\6.5\fileContent)" [_thread_blocked, id=1044, stack(0x0000000029fb0000,0x000000002a0b0000)]
  0x0000000020bcc800 JavaThread "Memory manager" [_thread_blocked, id=11936, stack(0x00000000291d0000,0x00000000292d0000)]
  0x0000000020bcc000 JavaThread "pool-1-thread-1" [_thread_blocked, id=9200, stack(0x0000000028cd0000,0x0000000028dd0000)]
  0x0000000020bcb000 JavaThread "Cache worker for Build Output Cleanup Cache (C:\Users\NatBai\AndroidStudioProjects\mascotitassaludables\.gradle\buildOutputCleanup)" [_thread_blocked, id=13028, stack(0x00000000289d0000,0x0000000028ad0000)]
  0x0000000020bc7800 JavaThread "jar transforms Thread 92" [_thread_blocked, id=14812, stack(0x00000000286d0000,0x00000000287d0000)]
  0x0000000020bca800 JavaThread "jar transforms Thread 91" [_thread_blocked, id=11156, stack(0x00000000285d0000,0x00000000286d0000)]
  0x0000000020bc9000 JavaThread "jar transforms Thread 90" [_thread_blocked, id=1660, stack(0x00000000284d0000,0x00000000285d0000)]
  0x0000000020bc8000 JavaThread "jar transforms Thread 89" [_thread_blocked, id=2500, stack(0x00000000283d0000,0x00000000284d0000)]
  0x0000000020bbe800 JavaThread "jar transforms Thread 88" [_thread_blocked, id=11904, stack(0x00000000282d0000,0x00000000283d0000)]
  0x0000000020bc3800 JavaThread "jar transforms Thread 87" [_thread_blocked, id=12884, stack(0x00000000281d0000,0x00000000282d0000)]
  0x0000000020bc3000 JavaThread "jar transforms Thread 86" [_thread_blocked, id=11600, stack(0x00000000280d0000,0x00000000281d0000)]
  0x0000000020bc2000 JavaThread "jar transforms Thread 85" [_thread_blocked, id=14720, stack(0x0000000027fd0000,0x00000000280d0000)]
  0x0000000020bc1800 JavaThread "jar transforms Thread 84" [_thread_blocked, id=10944, stack(0x0000000027ed0000,0x0000000027fd0000)]
  0x0000000020bc5000 JavaThread "jar transforms Thread 83" [_thread_blocked, id=12904, stack(0x0000000027dd0000,0x0000000027ed0000)]
  0x0000000020bc0800 JavaThread "jar transforms Thread 82" [_thread_blocked, id=5168, stack(0x0000000027cd0000,0x0000000027dd0000)]
  0x0000000020bc0000 JavaThread "jar transforms Thread 81" [_thread_blocked, id=16500, stack(0x0000000027bd0000,0x0000000027cd0000)]
  0x0000000020bc4800 JavaThread "jar transforms Thread 80" [_thread_blocked, id=12104, stack(0x0000000027ad0000,0x0000000027bd0000)]
  0x0000000020bbf000 JavaThread "jar transforms Thread 79" [_thread_blocked, id=676, stack(0x00000000279d0000,0x0000000027ad0000)]
  0x000000001ad9b800 JavaThread "jar transforms Thread 78" [_thread_blocked, id=13104, stack(0x00000000278d0000,0x00000000279d0000)]
  0x000000001ad9a800 JavaThread "jar transforms Thread 77" [_thread_blocked, id=3780, stack(0x00000000277d0000,0x00000000278d0000)]
  0x000000001ad9c000 JavaThread "jar transforms Thread 76" [_thread_blocked, id=2916, stack(0x00000000276d0000,0x00000000277d0000)]
  0x000000001ad9a000 JavaThread "jar transforms Thread 75" [_thread_blocked, id=4372, stack(0x00000000275d0000,0x00000000276d0000)]
  0x000000001ad99000 JavaThread "jar transforms Thread 74" [_thread_blocked, id=6684, stack(0x00000000274d0000,0x00000000275d0000)]
  0x000000001ad98800 JavaThread "jar transforms Thread 73" [_thread_blocked, id=14040, stack(0x00000000273d0000,0x00000000274d0000)]
  0x000000001ad97800 JavaThread "jar transforms Thread 72" [_thread_blocked, id=7408, stack(0x00000000272d0000,0x00000000273d0000)]
  0x000000001ad97000 JavaThread "jar transforms Thread 71" [_thread_blocked, id=5624, stack(0x00000000271d0000,0x00000000272d0000)]
  0x000000001ad8f800 JavaThread "jar transforms Thread 70" [_thread_blocked, id=9800, stack(0x00000000270d0000,0x00000000271d0000)]
  0x000000001ad96000 JavaThread "jar transforms Thread 69" [_thread_blocked, id=12788, stack(0x0000000026fd0000,0x00000000270d0000)]
  0x000000001ad8e800 JavaThread "jar transforms Thread 68" [_thread_blocked, id=16832, stack(0x0000000026ed0000,0x0000000026fd0000)]
  0x000000001ad95800 JavaThread "jar transforms Thread 67" [_thread_blocked, id=15052, stack(0x0000000026dd0000,0x0000000026ed0000)]
  0x000000001ad94800 JavaThread "jar transforms Thread 66" [_thread_blocked, id=11616, stack(0x0000000026cd0000,0x0000000026dd0000)]
  0x000000001ad92800 JavaThread "jar transforms Thread 65" [_thread_blocked, id=13352, stack(0x0000000026bd0000,0x0000000026cd0000)]
  0x000000001ad90000 JavaThread "jar transforms Thread 64" [_thread_blocked, id=15272, stack(0x0000000026ad0000,0x0000000026bd0000)]
  0x000000001ad91800 JavaThread "jar transforms Thread 63" [_thread_blocked, id=15624, stack(0x00000000269d0000,0x0000000026ad0000)]
  0x000000001ad8d000 JavaThread "jar transforms Thread 62" [_thread_blocked, id=1524, stack(0x00000000268d0000,0x00000000269d0000)]
  0x000000001ad94000 JavaThread "jar transforms Thread 61" [_thread_blocked, id=3516, stack(0x00000000267d0000,0x00000000268d0000)]
  0x000000001ad8e000 JavaThread "jar transforms Thread 60" [_thread_blocked, id=12356, stack(0x00000000266d0000,0x00000000267d0000)]
  0x000000001ad91000 JavaThread "jar transforms Thread 59" [_thread_blocked, id=10680, stack(0x00000000265d0000,0x00000000266d0000)]
  0x000000001ad93000 JavaThread "jar transforms Thread 58" [_thread_blocked, id=8352, stack(0x00000000264d0000,0x00000000265d0000)]
  0x000000001a5c2000 JavaThread "jar transforms Thread 57" [_thread_blocked, id=8092, stack(0x00000000263d0000,0x00000000264d0000)]
  0x000000001a5c0800 JavaThread "jar transforms Thread 56" [_thread_blocked, id=7684, stack(0x00000000262d0000,0x00000000263d0000)]
  0x000000001a5c5000 JavaThread "jar transforms Thread 55" [_thread_blocked, id=11160, stack(0x00000000261d0000,0x00000000262d0000)]
  0x000000001a5c6000 JavaThread "jar transforms Thread 54" [_thread_blocked, id=11352, stack(0x00000000260d0000,0x00000000261d0000)]
  0x000000001a5c1800 JavaThread "jar transforms Thread 53" [_thread_blocked, id=1208, stack(0x0000000025fd0000,0x00000000260d0000)]
  0x000000001a5c3800 JavaThread "jar transforms Thread 52" [_thread_blocked, id=1240, stack(0x0000000025ed0000,0x0000000025fd0000)]
  0x000000001a5c3000 JavaThread "jar transforms Thread 51" [_thread_blocked, id=16516, stack(0x0000000025dd0000,0x0000000025ed0000)]
  0x000000001a5c0000 JavaThread "jar transforms Thread 50" [_thread_blocked, id=2976, stack(0x0000000025cd0000,0x0000000025dd0000)]
  0x000000001a5c4800 JavaThread "jar transforms Thread 49" [_thread_blocked, id=15244, stack(0x0000000025bd0000,0x0000000025cd0000)]
  0x000000001a5c6800 JavaThread "jar transforms Thread 48" [_thread_blocked, id=14396, stack(0x0000000025ad0000,0x0000000025bd0000)]
  0x000000001a5b8000 JavaThread "jar transforms Thread 47" [_thread_blocked, id=9100, stack(0x00000000259d0000,0x0000000025ad0000)]
  0x000000001a5bc000 JavaThread "jar transforms Thread 46" [_thread_blocked, id=17268, stack(0x00000000258d0000,0x00000000259d0000)]
  0x000000001a5bb000 JavaThread "jar transforms Thread 45" [_thread_blocked, id=13476, stack(0x00000000257d0000,0x00000000258d0000)]
  0x000000001a5bf000 JavaThread "jar transforms Thread 44" [_thread_blocked, id=16484, stack(0x00000000256d0000,0x00000000257d0000)]
  0x000000001a5b7800 JavaThread "jar transforms Thread 43" [_thread_blocked, id=13720, stack(0x00000000255d0000,0x00000000256d0000)]
  0x000000001a5be000 JavaThread "jar transforms Thread 42" [_thread_blocked, id=2492, stack(0x00000000254d0000,0x00000000255d0000)]
  0x000000001a5b9000 JavaThread "jar transforms Thread 41" [_thread_blocked, id=15752, stack(0x00000000253d0000,0x00000000254d0000)]
  0x000000001a5bc800 JavaThread "jar transforms Thread 40" [_thread_blocked, id=7316, stack(0x00000000252d0000,0x00000000253d0000)]
  0x000000001a5bd800 JavaThread "jar transforms Thread 39" [_thread_blocked, id=14184, stack(0x00000000251d0000,0x00000000252d0000)]
  0x000000001a5ba800 JavaThread "jar transforms Thread 38" [_thread_blocked, id=11532, stack(0x00000000250d0000,0x00000000251d0000)]
  0x000000001a5b9800 JavaThread "jar transforms Thread 37" [_thread_blocked, id=1732, stack(0x0000000024fd0000,0x00000000250d0000)]
  0x000000001a239000 JavaThread "jar transforms Thread 36" [_thread_blocked, id=1532, stack(0x0000000024ed0000,0x0000000024fd0000)]
  0x000000001a238800 JavaThread "jar transforms Thread 35" [_thread_blocked, id=17064, stack(0x0000000024dd0000,0x0000000024ed0000)]
  0x000000001a234800 JavaThread "jar transforms Thread 34" [_thread_blocked, id=16824, stack(0x0000000024cd0000,0x0000000024dd0000)]
  0x000000001a234000 JavaThread "jar transforms Thread 33" [_thread_blocked, id=13948, stack(0x0000000024bd0000,0x0000000024cd0000)]
  0x000000001a237800 JavaThread "jar transforms Thread 32" [_thread_blocked, id=17340, stack(0x0000000024ad0000,0x0000000024bd0000)]
  0x000000001a235800 JavaThread "jar transforms Thread 31" [_thread_blocked, id=14036, stack(0x00000000249d0000,0x0000000024ad0000)]
  0x000000001a237000 JavaThread "jar transforms Thread 30" [_thread_blocked, id=5396, stack(0x00000000248d0000,0x00000000249d0000)]
  0x000000001a236000 JavaThread "jar transforms Thread 29" [_thread_blocked, id=13396, stack(0x00000000247d0000,0x00000000248d0000)]
  0x000000001a22c800 JavaThread "jar transforms Thread 28" [_thread_blocked, id=4068, stack(0x00000000246d0000,0x00000000247d0000)]
  0x000000001a233000 JavaThread "jar transforms Thread 27" [_thread_blocked, id=11340, stack(0x00000000245d0000,0x00000000246d0000)]
  0x000000001a22b800 JavaThread "jar transforms Thread 26" [_thread_blocked, id=14312, stack(0x00000000244d0000,0x00000000245d0000)]
  0x000000001a232800 JavaThread "jar transforms Thread 25" [_thread_blocked, id=16684, stack(0x00000000243d0000,0x00000000244d0000)]
  0x000000001a22b000 JavaThread "jar transforms Thread 24" [_thread_blocked, id=8264, stack(0x00000000242d0000,0x00000000243d0000)]
  0x000000001a231800 JavaThread "jar transforms Thread 23" [_thread_blocked, id=1848, stack(0x00000000241d0000,0x00000000242d0000)]
  0x000000001a231000 JavaThread "jar transforms Thread 22" [_thread_blocked, id=16352, stack(0x00000000240d0000,0x00000000241d0000)]
  0x000000001a22a000 JavaThread "jar transforms Thread 21" [_thread_blocked, id=4368, stack(0x0000000023fd0000,0x00000000240d0000)]
  0x000000001a230000 JavaThread "jar transforms Thread 20" [_thread_blocked, id=244, stack(0x0000000023ed0000,0x0000000023fd0000)]
  0x000000001a22e000 JavaThread "jar transforms Thread 19" [_thread_blocked, id=2396, stack(0x0000000023dd0000,0x0000000023ed0000)]
  0x000000001a22f800 JavaThread "jar transforms Thread 18" [_thread_blocked, id=15316, stack(0x0000000023cd0000,0x0000000023dd0000)]
  0x000000001a22e800 JavaThread "jar transforms Thread 17" [_thread_blocked, id=8088, stack(0x0000000023bd0000,0x0000000023cd0000)]
  0x000000001a22d000 JavaThread "jar transforms Thread 16" [_thread_blocked, id=15708, stack(0x0000000023ad0000,0x0000000023bd0000)]
  0x000000001fe5d000 JavaThread "jar transforms Thread 15" [_thread_blocked, id=1788, stack(0x00000000239d0000,0x0000000023ad0000)]
  0x000000001fe5f800 JavaThread "jar transforms Thread 14" [_thread_blocked, id=2356, stack(0x00000000238d0000,0x00000000239d0000)]
  0x000000001fe5e800 JavaThread "jar transforms Thread 13" [_thread_blocked, id=9156, stack(0x00000000237d0000,0x00000000238d0000)]
  0x000000001fe5c800 JavaThread "jar transforms Thread 12" [_thread_blocked, id=10216, stack(0x00000000236d0000,0x00000000237d0000)]
  0x000000001fe60000 JavaThread "jar transforms Thread 11" [_thread_blocked, id=12140, stack(0x00000000235d0000,0x00000000236d0000)]
  0x000000001fe5b800 JavaThread "jar transforms Thread 10" [_thread_blocked, id=14496, stack(0x00000000233d0000,0x00000000234d0000)]
  0x000000001fe5e000 JavaThread "jar transforms Thread 9" [_thread_blocked, id=6140, stack(0x00000000232d0000,0x00000000233d0000)]
  0x000000001fe54000 JavaThread "jar transforms Thread 8" [_thread_blocked, id=15952, stack(0x00000000231d0000,0x00000000232d0000)]
  0x000000001fe5b000 JavaThread "jar transforms Thread 7" [_thread_blocked, id=2204, stack(0x00000000230d0000,0x00000000231d0000)]
  0x000000001fe53000 JavaThread "jar transforms Thread 6" [_thread_blocked, id=7880, stack(0x0000000022fd0000,0x00000000230d0000)]
  0x000000001fe5a000 JavaThread "jar transforms Thread 5" [_thread_blocked, id=1832, stack(0x0000000022ed0000,0x0000000022fd0000)]
  0x000000001fe59000 JavaThread "jar transforms Thread 4" [_thread_blocked, id=15420, stack(0x0000000022950000,0x0000000022a50000)]
  0x000000001fe58800 JavaThread "jar transforms Thread 3" [_thread_blocked, id=15444, stack(0x0000000022850000,0x0000000022950000)]
  0x000000001fe51000 JavaThread "jar transforms Thread 2" [_thread_blocked, id=10360, stack(0x0000000022750000,0x0000000022850000)]
  0x000000001fe56000 JavaThread "Build operations Thread 4" [_thread_blocked, id=10120, stack(0x0000000022dd0000,0x0000000022ed0000)]
  0x000000001fe52800 JavaThread "Build operations Thread 3" [_thread_blocked, id=2064, stack(0x0000000022cd0000,0x0000000022dd0000)]
  0x000000001fe54800 JavaThread "Build operations Thread 2" [_thread_blocked, id=16472, stack(0x0000000022bd0000,0x0000000022cd0000)]
  0x000000001fe51800 JavaThread "Build operations" [_thread_blocked, id=11892, stack(0x0000000022ad0000,0x0000000022bd0000)]
  0x000000001af37000 JavaThread "Cache worker for file content cache (C:\Users\NatBai\.gradle\caches\6.5\fileContent)" [_thread_blocked, id=7572, stack(0x0000000022050000,0x0000000022150000)]
  0x000000001af35800 JavaThread "jar transforms" [_thread_blocked, id=16680, stack(0x0000000021f50000,0x0000000022050000)]
  0x000000001af3b800 JavaThread "Cache worker for execution history cache (C:\Users\NatBai\.gradle\caches\6.5\executionHistory)" [_thread_blocked, id=10600, stack(0x0000000021850000,0x0000000021950000)]
  0x000000001af39000 JavaThread "Cache worker for cache directory md-rule (C:\Users\NatBai\.gradle\caches\6.5\md-rule)" [_thread_blocked, id=14428, stack(0x0000000021750000,0x0000000021850000)]
  0x000000001af38800 JavaThread "Cache worker for cache directory md-supplier (C:\Users\NatBai\.gradle\caches\6.5\md-supplier)" [_thread_blocked, id=14900, stack(0x0000000021650000,0x0000000021750000)]
  0x000000001af3a000 JavaThread "Cache worker for checksums cache (C:\Users\NatBai\AndroidStudioProjects\mascotitassaludables\.gradle\checksums)" [_thread_blocked, id=13688, stack(0x0000000020300000,0x0000000020400000)]
  0x000000001af37800 JavaThread "Cache worker for file hash cache (C:\Users\NatBai\AndroidStudioProjects\mascotitassaludables\.gradle\6.5\fileHashes)" [_thread_blocked, id=16856, stack(0x0000000020000000,0x0000000020100000)]
  0x000000001af3a800 JavaThread "Cache worker for file hash cache (C:\Users\NatBai\.gradle\caches\6.5\fileHashes)" [_thread_blocked, id=9252, stack(0x000000001dd60000,0x000000001de60000)]
  0x000000001af34800 JavaThread "File lock request listener" [_thread_in_native, id=17188, stack(0x000000001dc60000,0x000000001dd60000)]
  0x000000001a688800 JavaThread "Cache worker for journal cache (C:\Users\NatBai\.gradle\caches\journal-1)" [_thread_blocked, id=9900, stack(0x000000001db60000,0x000000001dc60000)]
  0x000000001a403000 JavaThread "Thread-9" [_thread_blocked, id=3776, stack(0x000000001d860000,0x000000001d960000)]
  0x0000000019d6b000 JavaThread "Stdin handler" [_thread_blocked, id=13888, stack(0x000000001d760000,0x000000001d860000)]
  0x0000000019fd7800 JavaThread "Asynchronous log dispatcher for DefaultDaemonConnection: socket connection from /127.0.0.1:60240 to /127.0.0.1:60241" [_thread_blocked, id=15944, stack(0x000000001d660000,0x000000001d760000)]
  0x000000001b71b000 JavaThread "Daemon worker" [_thread_blocked, id=10124, stack(0x000000001d560000,0x000000001d660000)]
  0x000000001b71a800 JavaThread "Cancel handler" [_thread_blocked, id=7836, stack(0x000000001d460000,0x000000001d560000)]
  0x000000001b6fd800 JavaThread "Handler for socket connection from /127.0.0.1:60240 to /127.0.0.1:60241" [_thread_in_native, id=16932, stack(0x000000001d360000,0x000000001d460000)]
  0x000000001b6e0800 JavaThread "Daemon" [_thread_blocked, id=1816, stack(0x000000001d260000,0x000000001d360000)]
  0x000000001b6df000 JavaThread "Daemon periodic checks" [_thread_blocked, id=17004, stack(0x000000001cf60000,0x000000001d060000)]
  0x000000001b674800 JavaThread "Incoming local TCP Connector on port 60240" [_thread_in_native, id=16068, stack(0x000000001ccf0000,0x000000001cdf0000)]
  0x0000000019d39800 JavaThread "Daemon health stats" [_thread_blocked, id=4856, stack(0x000000001c6b0000,0x000000001c7b0000)]
  0x0000000017dde000 JavaThread "Service Thread" daemon [_thread_blocked, id=15800, stack(0x0000000019b10000,0x0000000019c10000)]
  0x0000000017dcf800 JavaThread "C1 CompilerThread2" daemon [_thread_in_vm, id=11672, stack(0x0000000019610000,0x0000000019710000)]
  0x0000000017d8a800 JavaThread "C2 CompilerThread1" daemon [_thread_blocked, id=13816, stack(0x0000000019510000,0x0000000019610000)]
=>0x0000000017d82800 JavaThread "C2 CompilerThread0" daemon [_thread_in_native, id=5444, stack(0x0000000019410000,0x0000000019510000)]
  0x0000000017d81000 JavaThread "Attach Listener" daemon [_thread_blocked, id=6324, stack(0x0000000019310000,0x0000000019410000)]
  0x0000000017d85000 JavaThread "Signal Dispatcher" daemon [_thread_blocked, id=16548, stack(0x0000000019210000,0x0000000019310000)]
  0x000000000315b000 JavaThread "Finalizer" daemon [_thread_blocked, id=2464, stack(0x0000000018ff0000,0x00000000190f0000)]
  0x0000000017d69000 JavaThread "Reference Handler" daemon [_thread_blocked, id=15924, stack(0x0000000018ef0000,0x0000000018ff0000)]
  0x0000000002f9e000 JavaThread "main" [_thread_blocked, id=14536, stack(0x0000000002e60000,0x0000000002f60000)]

Other Threads:
  0x0000000017d46000 VMThread [stack: 0x0000000018df0000,0x0000000018ef0000] [id=14000]
  0x0000000017dde800 WatcherThread [stack: 0x0000000019c10000,0x0000000019d10000] [id=14128]

VM state:not at safepoint (normal execution)

VM Mutex/Monitor currently owned by a thread:  ([mutex/lock_event])
[0x0000000002f9c4f0] CodeCache_lock - owner thread: 0x0000000017dcf800

heap address: 0x0000000080000000, size: 2048 MB, Compressed Oops mode: 32-bit
Narrow klass base: 0x0000000000000000, Narrow klass shift: 3
Compressed class space size: 1073741824 Address: 0x0000000100000000

Heap:
 PSYoungGen      total 222208K, used 169252K [0x00000000d5580000, 0x00000000e7800000, 0x0000000100000000)
  eden space 204800K, 74% used [0x00000000d5580000,0x00000000de9ce4f0,0x00000000e1d80000)
  from space 17408K, 99% used [0x00000000e1d80000,0x00000000e2e7ae28,0x00000000e2e80000)
  to   space 20992K, 0% used [0x00000000e6380000,0x00000000e6380000,0x00000000e7800000)
 ParOldGen       total 119296K, used 35060K [0x0000000080000000, 0x0000000087480000, 0x00000000d5580000)
  object space 119296K, 29% used [0x0000000080000000,0x000000008223d1d8,0x0000000087480000)
 Metaspace       used 68270K, capacity 71339K, committed 71512K, reserved 1112064K
  class space    used 9244K, capacity 9853K, committed 9856K, reserved 1048576K

Card table byte_map: [0x0000000012520000,0x0000000012930000] byte_map_base: 0x0000000012120000

Marking Bits: (ParMarkBitMap*) 0x000000005392f030
 Begin Bits: [0x0000000012fe0000, 0x0000000014fe0000)
 End Bits:   [0x0000000014fe0000, 0x0000000016fe0000)

Polling page: 0x0000000001650000

CodeCache: size=245760Kb used=26188Kb max_used=26197Kb free=219571Kb
 bounds [0x0000000003160000, 0x0000000004b20000, 0x0000000012160000]
 total_blobs=8759 nmethods=7850 adapters=822
 compilation: enabled

Compilation events (10 events):
Event: 28.677 Thread 0x0000000017d8a800 nmethod 8888 0x0000000004b01cd0 code [0x0000000004b01e20, 0x0000000004b02198]
Event: 28.678 Thread 0x0000000017d8a800 8890       4       java.io.ObjectInputStream$PeekInputStream::peek (49 bytes)
Event: 28.680 Thread 0x0000000017d8a800 nmethod 8890 0x0000000004b09750 code [0x0000000004b098a0, 0x0000000004b09b78]
Event: 28.680 Thread 0x0000000017d8a800 8892       4       java.io.ObjectInputStream$BlockDataInputStream::peek (55 bytes)
Event: 28.683 Thread 0x0000000017d8a800 nmethod 8892 0x0000000004b09090 code [0x0000000004b091e0, 0x0000000004b09518]
Event: 28.683 Thread 0x0000000017d8a800 8839       4       java.io.ObjectOutputStream$BlockDataOutputStream::writeInt (46 bytes)
Event: 28.684 Thread 0x0000000017d8a800 nmethod 8839 0x0000000004b00cd0 code [0x0000000004b00e20, 0x0000000004b00f58]
Event: 28.727 Thread 0x0000000017d8a800 8911       4       java.lang.System::getProperty (25 bytes)
Event: 28.737 Thread 0x0000000017d8a800 nmethod 8911 0x0000000004b0a810 code [0x0000000004b0a980, 0x0000000004b0b1f8]
Event: 28.992 Thread 0x0000000017dcf800 8912  s    3       java.util.Hashtable::containsKey (65 bytes)

GC Heap History (10 events):
Event: 12.019 GC heap before
{Heap before GC invocations=12 (full 2):
 PSYoungGen      total 126464K, used 114688K [0x00000000d5580000, 0x00000000e1080000, 0x0000000100000000)
  eden space 114688K, 100% used [0x00000000d5580000,0x00000000dc580000,0x00000000dc580000)
  from space 11776K, 0% used [0x00000000dc580000,0x00000000dc580000,0x00000000dd100000)
  to   space 11776K, 0% used [0x00000000e0500000,0x00000000e0500000,0x00000000e1080000)
 ParOldGen       total 75264K, used 14379K [0x0000000080000000, 0x0000000084980000, 0x00000000d5580000)
  object space 75264K, 19% used [0x0000000080000000,0x0000000080e0aca8,0x0000000084980000)
 Metaspace       used 37566K, capacity 39208K, committed 39384K, reserved 1083392K
  class space    used 5177K, capacity 5532K, committed 5632K, reserved 1048576K
Event: 12.040 GC heap after
Heap after GC invocations=12 (full 2):
 PSYoungGen      total 162816K, used 7775K [0x00000000d5580000, 0x00000000e0d00000, 0x0000000100000000)
  eden space 154624K, 0% used [0x00000000d5580000,0x00000000d5580000,0x00000000dec80000)
  from space 8192K, 94% used [0x00000000e0500000,0x00000000e0c97f88,0x00000000e0d00000)
  to   space 11776K, 0% used [0x00000000df600000,0x00000000df600000,0x00000000e0180000)
 ParOldGen       total 75264K, used 14387K [0x0000000080000000, 0x0000000084980000, 0x00000000d5580000)
  object space 75264K, 19% used [0x0000000080000000,0x0000000080e0cca8,0x0000000084980000)
 Metaspace       used 37566K, capacity 39208K, committed 39384K, reserved 1083392K
  class space    used 5177K, capacity 5532K, committed 5632K, reserved 1048576K
}
Event: 15.680 GC heap before
{Heap before GC invocations=13 (full 2):
 PSYoungGen      total 162816K, used 162399K [0x00000000d5580000, 0x00000000e0d00000, 0x0000000100000000)
  eden space 154624K, 100% used [0x00000000d5580000,0x00000000dec80000,0x00000000dec80000)
  from space 8192K, 94% used [0x00000000e0500000,0x00000000e0c97f88,0x00000000e0d00000)
  to   space 11776K, 0% used [0x00000000df600000,0x00000000df600000,0x00000000e0180000)
 ParOldGen       total 75264K, used 14387K [0x0000000080000000, 0x0000000084980000, 0x00000000d5580000)
  object space 75264K, 19% used [0x0000000080000000,0x0000000080e0cca8,0x0000000084980000)
 Metaspace       used 52110K, capacity 54146K, committed 54232K, reserved 1095680K
  class space    used 6968K, capacity 7403K, committed 7424K, reserved 1048576K
Event: 15.723 GC heap after
Heap after GC invocations=13 (full 2):
 PSYoungGen      total 176128K, used 11770K [0x00000000d5580000, 0x00000000e3f80000, 0x0000000100000000)
  eden space 164352K, 0% used [0x00000000d5580000,0x00000000d5580000,0x00000000df600000)
  from space 11776K, 99% used [0x00000000df600000,0x00000000e017ea70,0x00000000e0180000)
  to   space 17408K, 0% used [0x00000000e2e80000,0x00000000e2e80000,0x00000000e3f80000)
 ParOldGen       total 75264K, used 27050K [0x0000000080000000, 0x0000000084980000, 0x00000000d5580000)
  object space 75264K, 35% used [0x0000000080000000,0x0000000081a6a8f8,0x0000000084980000)
 Metaspace       used 52110K, capacity 54146K, committed 54232K, reserved 1095680K
  class space    used 6968K, capacity 7403K, committed 7424K, reserved 1048576K
}
Event: 17.241 GC heap before
{Heap before GC invocations=14 (full 2):
 PSYoungGen      total 176128K, used 61877K [0x00000000d5580000, 0x00000000e3f80000, 0x0000000100000000)
  eden space 164352K, 30% used [0x00000000d5580000,0x00000000d866ecb8,0x00000000df600000)
  from space 11776K, 99% used [0x00000000df600000,0x00000000e017ea70,0x00000000e0180000)
  to   space 17408K, 0% used [0x00000000e2e80000,0x00000000e2e80000,0x00000000e3f80000)
 ParOldGen       total 75264K, used 27050K [0x0000000080000000, 0x0000000084980000, 0x00000000d5580000)
  object space 75264K, 35% used [0x0000000080000000,0x0000000081a6a8f8,0x0000000084980000)
 Metaspace       used 56454K, capacity 58843K, committed 59028K, reserved 1099776K
  class space    used 7719K, capacity 8192K, committed 8192K, reserved 1048576K
Event: 17.275 GC heap after
Heap after GC invocations=14 (full 2):
 PSYoungGen      total 222208K, used 5644K [0x00000000d5580000, 0x00000000e4c00000, 0x0000000100000000)
  eden space 204800K, 0% used [0x00000000d5580000,0x00000000d5580000,0x00000000e1d80000)
  from space 17408K, 32% used [0x00000000e2e80000,0x00000000e3403270,0x00000000e3f80000)
  to   space 17408K, 0% used [0x00000000e1d80000,0x00000000e1d80000,0x00000000e2e80000)
 ParOldGen       total 75264K, used 36752K [0x0000000080000000, 0x0000000084980000, 0x00000000d5580000)
  object space 75264K, 48% used [0x0000000080000000,0x00000000823e4190,0x0000000084980000)
 Metaspace       used 56454K, capacity 58843K, committed 59028K, reserved 1099776K
  class space    used 7719K, capacity 8192K, committed 8192K, reserved 1048576K
}
Event: 17.275 GC heap before
{Heap before GC invocations=15 (full 3):
 PSYoungGen      total 222208K, used 5644K [0x00000000d5580000, 0x00000000e4c00000, 0x0000000100000000)
  eden space 204800K, 0% used [0x00000000d5580000,0x00000000d5580000,0x00000000e1d80000)
  from space 17408K, 32% used [0x00000000e2e80000,0x00000000e3403270,0x00000000e3f80000)
  to   space 17408K, 0% used [0x00000000e1d80000,0x00000000e1d80000,0x00000000e2e80000)
 ParOldGen       total 75264K, used 36752K [0x0000000080000000, 0x0000000084980000, 0x00000000d5580000)
  object space 75264K, 48% used [0x0000000080000000,0x00000000823e4190,0x0000000084980000)
 Metaspace       used 56454K, capacity 58843K, committed 59028K, reserved 1099776K
  class space    used 7719K, capacity 8192K, committed 8192K, reserved 1048576K
Event: 17.608 GC heap after
Heap after GC invocations=15 (full 3):
 PSYoungGen      total 222208K, used 0K [0x00000000d5580000, 0x00000000e4c00000, 0x0000000100000000)
  eden space 204800K, 0% used [0x00000000d5580000,0x00000000d5580000,0x00000000e1d80000)
  from space 17408K, 0% used [0x00000000e2e80000,0x00000000e2e80000,0x00000000e3f80000)
  to   space 17408K, 0% used [0x00000000e1d80000,0x00000000e1d80000,0x00000000e2e80000)
 ParOldGen       total 119296K, used 32182K [0x0000000080000000, 0x0000000087480000, 0x00000000d5580000)
  object space 119296K, 26% used [0x0000000080000000,0x0000000081f6da68,0x0000000087480000)
 Metaspace       used 56454K, capacity 58843K, committed 59028K, reserved 1099776K
  class space    used 7719K, capacity 8192K, committed 8192K, reserved 1048576K
}
Event: 23.846 GC heap before
{Heap before GC invocations=16 (full 3):
 PSYoungGen      total 222208K, used 204800K [0x00000000d5580000, 0x00000000e4c00000, 0x0000000100000000)
  eden space 204800K, 100% used [0x00000000d5580000,0x00000000e1d80000,0x00000000e1d80000)
  from space 17408K, 0% used [0x00000000e2e80000,0x00000000e2e80000,0x00000000e3f80000)
  to   space 17408K, 0% used [0x00000000e1d80000,0x00000000e1d80000,0x00000000e2e80000)
 ParOldGen       total 119296K, used 32182K [0x0000000080000000, 0x0000000087480000, 0x00000000d5580000)
  object space 119296K, 26% used [0x0000000080000000,0x0000000081f6da68,0x0000000087480000)
 Metaspace       used 64570K, capacity 67525K, committed 67800K, reserved 1107968K
  class space    used 8856K, capacity 9444K, committed 9472K, reserved 1048576K
Event: 23.933 GC heap after
Heap after GC invocations=16 (full 3):
 PSYoungGen      total 222208K, used 17387K [0x00000000d5580000, 0x00000000e7800000, 0x0000000100000000)
  eden space 204800K, 0% used [0x00000000d5580000,0x00000000d5580000,0x00000000e1d80000)
  from space 17408K, 99% used [0x00000000e1d80000,0x00000000e2e7ae28,0x00000000e2e80000)
  to   space 20992K, 0% used [0x00000000e6380000,0x00000000e6380000,0x00000000e7800000)
 ParOldGen       total 119296K, used 35060K [0x0000000080000000, 0x0000000087480000, 0x00000000d5580000)
  object space 119296K, 29% used [0x0000000080000000,0x000000008223d1d8,0x0000000087480000)
 Metaspace       used 64570K, capacity 67525K, committed 67800K, reserved 1107968K
  class space    used 8856K, capacity 9444K, committed 9472K, reserved 1048576K
}

Deoptimization events (10 events):
Event: 27.808 Thread 0x000000001b71b000 Uncommon trap: reason=class_check action=maybe_recompile pc=0x0000000004a974ec method=com.sun.org.apache.xerces.internal.dom.AttrImpl.getOwnerElement()Lorg/w3c/dom/Element; @ 18
Event: 27.822 Thread 0x000000001b71b000 Uncommon trap: reason=class_check action=maybe_recompile pc=0x00000000049bc9a0 method=com.sun.org.apache.xerces.internal.dom.NamedNodeMapImpl.item(I)Lorg/w3c/dom/Node; @ 30
Event: 27.873 Thread 0x000000001b71b000 Uncommon trap: reason=unstable_if action=reinterpret pc=0x0000000004a2634c method=com.android.utils.XmlUtils.toXmlAttributeValue(Ljava/lang/String;)Ljava/lang/String; @ 33
Event: 27.873 Thread 0x000000001b71b000 Uncommon trap: reason=unstable_if action=reinterpret pc=0x00000000048c5338 method=com.android.utils.XmlUtils.toXmlAttributeValue(Ljava/lang/String;)Ljava/lang/String; @ 33
Event: 27.968 Thread 0x000000001b71b000 Uncommon trap: reason=unstable_if action=reinterpret pc=0x0000000004a21d10 method=com.android.utils.XmlUtils.append(Lcom/android/utils/XmlUtils$PositionAwareStringBuilder;Lorg/w3c/dom/Node;Ljava/util/Map;Ljava/util/Set;)V @ 540
Event: 27.989 Thread 0x000000001b71b000 Uncommon trap: reason=class_check action=maybe_recompile pc=0x0000000004a5cc04 method=java.io.Writer.append(Ljava/lang/CharSequence;)Ljava/io/Writer; @ 20
Event: 28.605 Thread 0x000000001ec4e800 Uncommon trap: reason=unstable_if action=reinterpret pc=0x00000000042787e8 method=java.util.HashMap$HashIterator.<init>(Ljava/util/HashMap;)V @ 45
Event: 28.605 Thread 0x0000000020bcd800 Uncommon trap: reason=unstable_if action=reinterpret pc=0x00000000049ad43c method=java.util.HashMap$HashIterator.<init>(Ljava/util/HashMap;)V @ 45
Event: 28.606 Thread 0x0000000020bc6800 Uncommon trap: reason=unstable_if action=reinterpret pc=0x00000000049a1e0c method=java.util.HashMap$HashIterator.<init>(Ljava/util/HashMap;)V @ 45
Event: 28.988 Thread 0x000000001ec52800 Uncommon trap: reason=class_check action=maybe_recompile pc=0x000000000375b540 method=java.lang.Throwable.<init>(Ljava/lang/String;Ljava/lang/Throwable;)V @ 24

Classes redefined (0 events):
No events

Internal exceptions (10 events):
Event: 25.508 Thread 0x000000001b71b000 Exception <a 'java/lang/NoSuchMethodError': <clinit>> (0x00000000d9c04390) thrown at [C:\src\AOSP-openjdk-git\hotspot\src\share\vm\prims\jni.cpp, line 1615]
Event: 25.571 Thread 0x000000001b71b000 Exception <a 'java/lang/NoSuchMethodError': <clinit>> (0x00000000d9d6f038) thrown at [C:\src\AOSP-openjdk-git\hotspot\src\share\vm\prims\jni.cpp, line 1615]
Event: 25.799 Thread 0x000000001ec51800 Exception <a 'java/io/FileNotFoundException'> (0x00000000da4ef4e8) thrown at [C:\src\AOSP-openjdk-git\hotspot\src\share\vm\prims\jni.cpp, line 710]
Event: 25.919 Thread 0x000000001ec51800 Exception <a 'java/io/FileNotFoundException'> (0x00000000da509600) thrown at [C:\src\AOSP-openjdk-git\hotspot\src\share\vm\prims\jni.cpp, line 710]
Event: 26.465 Thread 0x000000001b71b000 Implicit null exception at 0x00000000049bead7 to 0x00000000049bee59
Event: 27.968 Thread 0x000000001b71b000 Implicit null exception at 0x0000000004a24046 to 0x0000000004a21ce1
Event: 28.400 Thread 0x000000001b71b000 Exception <a 'java/lang/NoSuchMethodError': <clinit>> (0x00000000ddb5c560) thrown at [C:\src\AOSP-openjdk-git\hotspot\src\share\vm\prims\jni.cpp, line 1615]
Event: 28.402 Thread 0x000000001b71b000 Exception <a 'java/lang/NoSuchMethodError': <clinit>> (0x00000000ddb702b0) thrown at [C:\src\AOSP-openjdk-git\hotspot\src\share\vm\prims\jni.cpp, line 1615]
Event: 28.404 Thread 0x000000001b71b000 Exception <a 'java/lang/NoSuchMethodError': <clinit>> (0x00000000ddb87438) thrown at [C:\src\AOSP-openjdk-git\hotspot\src\share\vm\prims\jni.cpp, line 1615]
Event: 28.413 Thread 0x000000001b71b000 Exception <a 'java/lang/NoSuchMethodError': <clinit>> (0x00000000ddc0f228) thrown at [C:\src\AOSP-openjdk-git\hotspot\src\share\vm\prims\jni.cpp, line 1615]

Events (10 events):
Event: 28.979 loading class com/google/common/io/Closeables
Event: 28.979 loading class com/google/common/io/Closeables done
Event: 28.984 loading class com/android/builder/internal/aapt/v2/Aapt2InternalException
Event: 28.984 loading class com/android/builder/internal/aapt/v2/Aapt2InternalException done
Event: 28.988 Thread 0x000000001ec52800 Uncommon trap: trap_request=0xffffffde fr.pc=0x000000000375b540
Event: 28.988 Thread 0x000000001ec52800 DEOPT PACKING pc=0x000000000375b540 sp=0x000000002adadfb0
Event: 28.988 Thread 0x000000001ec52800 DEOPT UNPACKING pc=0x00000000031a557b sp=0x000000002adadf98 mode 2
Event: 28.991 loading class com/android/builder/internal/aapt/v2/Aapt2DaemonImpl$AllowShutdown
Event: 28.991 loading class com/android/builder/internal/aapt/v2/Aapt2DaemonImpl$AllowShutdown done
Event: 28.999 Executing VM operation: RevokeBias


Dynamic libraries:
0x00007ff7fdf20000 - 0x00007ff7fdf51000 	C:\Program Files\Android\Android Studio\jre\bin\java.exe
0x00007ffa01ab0000 - 0x00007ffa01ca5000 	C:\WINDOWS\SYSTEM32\ntdll.dll
0x00007ffa019b0000 - 0x00007ffa01a6d000 	C:\WINDOWS\System32\KERNEL32.DLL
0x00007ff9ff400000 - 0x00007ff9ff6c9000 	C:\WINDOWS\System32\KERNELBASE.dll
0x00007ffa005a0000 - 0x00007ffa0064c000 	C:\WINDOWS\System32\ADVAPI32.dll
0x00007ffa01550000 - 0x00007ffa015ee000 	C:\WINDOWS\System32\msvcrt.dll
0x00007ffa00650000 - 0x00007ffa006ec000 	C:\WINDOWS\System32\sechost.dll
0x00007ff9ffde0000 - 0x00007ff9fff0b000 	C:\WINDOWS\System32\RPCRT4.dll
0x00007ffa015f0000 - 0x00007ffa01790000 	C:\WINDOWS\System32\USER32.dll
0x00007ff9ff780000 - 0x00007ff9ff7a2000 	C:\WINDOWS\System32\win32u.dll
0x00007ffa01520000 - 0x00007ffa0154a000 	C:\WINDOWS\System32\GDI32.dll
0x00007ff9ff270000 - 0x00007ff9ff37b000 	C:\WINDOWS\System32\gdi32full.dll
0x00007ff9ff810000 - 0x00007ff9ff8ad000 	C:\WINDOWS\System32\msvcp_win.dll
0x00007ff9ff8b0000 - 0x00007ff9ff9b0000 	C:\WINDOWS\System32\ucrtbase.dll
0x00007ff9dfa40000 - 0x00007ff9dfcda000 	C:\WINDOWS\WinSxS\amd64_microsoft.windows.common-controls_6595b64144ccf1df_6.0.19041.844_none_ca00b6081b84eb1d\COMCTL32.dll
0x00007ffa00430000 - 0x00007ffa00460000 	C:\WINDOWS\System32\IMM32.DLL
0x0000000052fa0000 - 0x0000000053072000 	C:\Program Files\Android\Android Studio\jre\jre\bin\msvcr100.dll
0x0000000053160000 - 0x00000000539ab000 	C:\Program Files\Android\Android Studio\jre\jre\bin\server\jvm.dll
0x00007ffa014b0000 - 0x00007ffa014b8000 	C:\WINDOWS\System32\PSAPI.DLL
0x00007ff9f5740000 - 0x00007ff9f5749000 	C:\WINDOWS\SYSTEM32\WSOCK32.dll
0x00007ffa007d0000 - 0x00007ffa0083b000 	C:\WINDOWS\System32\WS2_32.dll
0x00007ff9f9fd0000 - 0x00007ff9f9ff7000 	C:\WINDOWS\SYSTEM32\WINMM.dll
0x00007ff9f9cb0000 - 0x00007ff9f9cba000 	C:\WINDOWS\SYSTEM32\VERSION.dll
0x00007ff9f2f80000 - 0x00007ff9f2f8f000 	C:\Program Files\Android\Android Studio\jre\jre\bin\verify.dll
0x00007ff9c6120000 - 0x00007ff9c6149000 	C:\Program Files\Android\Android Studio\jre\jre\bin\java.dll
0x00007ff9cd9e0000 - 0x00007ff9cd9f6000 	C:\Program Files\Android\Android Studio\jre\jre\bin\zip.dll
0x00007ffa00d60000 - 0x00007ffa014a2000 	C:\WINDOWS\System32\SHELL32.dll
0x00007ff9fd350000 - 0x00007ff9fdae0000 	C:\WINDOWS\SYSTEM32\windows.storage.dll
0x00007ffa008d0000 - 0x00007ffa00c25000 	C:\WINDOWS\System32\combase.dll
0x00007ff9fec60000 - 0x00007ff9fec8c000 	C:\WINDOWS\SYSTEM32\Wldp.dll
0x00007ffa00380000 - 0x00007ffa0042e000 	C:\WINDOWS\System32\SHCORE.dll
0x00007ffa01790000 - 0x00007ffa017e5000 	C:\WINDOWS\System32\shlwapi.dll
0x00007ff9ff130000 - 0x00007ff9ff14f000 	C:\WINDOWS\SYSTEM32\profapi.dll
0x00007ff9c6100000 - 0x00007ff9c611a000 	C:\Program Files\Android\Android Studio\jre\jre\bin\net.dll
0x00007ff9fe9e0000 - 0x00007ff9fea4a000 	C:\WINDOWS\system32\mswsock.dll
0x00007ff9c60e0000 - 0x00007ff9c60f3000 	C:\Program Files\Android\Android Studio\jre\jre\bin\nio.dll
0x00007ff9f2940000 - 0x00007ff9f2967000 	C:\Users\NatBai\.gradle\native\f6784746aeab05261644944871eae4fe03e0ef1612fff0a4a95f87b438bc6780\windows-amd64\native-platform.dll
0x00007ff9f26e0000 - 0x00007ff9f26ed000 	C:\Program Files\Android\Android Studio\jre\jre\bin\management.dll
0x00007ff9febb0000 - 0x00007ff9febc8000 	C:\WINDOWS\SYSTEM32\CRYPTSP.dll
0x00007ff9fe310000 - 0x00007ff9fe344000 	C:\WINDOWS\system32\rsaenh.dll
0x00007ff9ff380000 - 0x00007ff9ff3a7000 	C:\WINDOWS\System32\bcrypt.dll
0x00007ff9ff0b0000 - 0x00007ff9ff0de000 	C:\WINDOWS\SYSTEM32\USERENV.dll
0x00007ff9ff1f0000 - 0x00007ff9ff270000 	C:\WINDOWS\System32\bcryptprimitives.dll
0x00007ff9febd0000 - 0x00007ff9febdc000 	C:\WINDOWS\SYSTEM32\CRYPTBASE.dll
0x00007ff9fe680000 - 0x00007ff9fe6bb000 	C:\WINDOWS\SYSTEM32\IPHLPAPI.DLL
0x00007ffa019a0000 - 0x00007ffa019a8000 	C:\WINDOWS\System32\NSI.dll
0x00007ff9f8200000 - 0x00007ff9f8217000 	C:\WINDOWS\SYSTEM32\dhcpcsvc6.DLL
0x00007ff9f7f20000 - 0x00007ff9f7f3d000 	C:\WINDOWS\SYSTEM32\dhcpcsvc.DLL
0x00007ff9fe6d0000 - 0x00007ff9fe79b000 	C:\WINDOWS\SYSTEM32\DNSAPI.dll
0x00007ff9f89b0000 - 0x00007ff9f89bb000 	C:\WINDOWS\SYSTEM32\WINNSI.DLL
0x00007ff9becc0000 - 0x00007ff9bee5c000 	C:\Program Files\Android\Android Studio\jre\jre\bin\awt.dll
0x00007ffa00700000 - 0x00007ffa007cd000 	C:\WINDOWS\System32\OLEAUT32.dll
0x00007ff9fcf70000 - 0x00007ff9fcf9f000 	C:\WINDOWS\SYSTEM32\dwmapi.dll
0x00007ff9fb3d0000 - 0x00007ff9fb990000 	C:\WINDOWS\SYSTEM32\d2d1.dll
0x00007ff9fc490000 - 0x00007ff9fc520000 	C:\WINDOWS\SYSTEM32\apphelp.dll
0x00007ff9fcb40000 - 0x00007ff9fcbde000 	C:\WINDOWS\system32\uxtheme.dll

VM Arguments:
jvm_args: -Xmx2048m -Dfile.encoding=UTF-8 -Duser.country=HN -Duser.language=es -Duser.variant 
java_command: org.gradle.launcher.daemon.bootstrap.GradleDaemon 6.5
java_class_path (initial): C:\Users\NatBai\.gradle\wrapper\dists\gradle-6.5-bin\6nifqtx7604sqp1q6g8wikw7p\gradle-6.5\lib\gradle-launcher-6.5.jar
Launcher Type: SUN_STANDARD

Environment Variables:
PATH=C:\ProgramData\Oracle\Java\javapath;C:\Program Files (x86)\Common Files\Oracle\Java\javapath;C:\Program Files (x86)\Intel\iCLS Client\;C:\Program Files\Intel\iCLS Client\;C:\WINDOWS\system32;C:\WINDOWS;C:\WINDOWS\System32\Wbem;C:\WINDOWS\System32\WindowsPowerShell\v1.0\;C:\WINDOWS\System32\OpenSSH\;C:\Program Files (x86)\Intel\Intel(R) Management Engine Components\DAL;C:\Program Files\Intel\Intel(R) Management Engine Components\DAL;C:\Program Files (x86)\Intel\Intel(R) Management Engine Components\IPT;C:\Program Files\Intel\Intel(R) Management Engine Components\IPT;C:\Program Files\Git\cmd;C:\Program Files\dotnet\;C:\Apache24\PHP;C:\ProgramData\ComposerSetup\bin;C:\Program Files\MySQL\MySQL Shell 8.0\bin\;C:\Users\NatBai\AppData\Local\Microsoft\WindowsApps;;C:\Users\NatBai\AppData\Local\Programs\Microsoft VS Code\bin;C:\Program Files\heroku\bin;C:\Users\NatBai\AppData\Roaming\Composer\vendor\bin
USERNAME=NatBai
OS=Windows_NT
PROCESSOR_IDENTIFIER=Intel64 Family 6 Model 60 Stepping 3, GenuineIntel



---------------  S Y S T E M  ---------------

OS: Windows 10.0 , 64 bit Build 19041 (10.0.19041.804)

CPU:total 4 (initial active 4) (2 cores per cpu, 2 threads per core) family 6 model 60 stepping 3, cmov, cx8, fxsr, mmx, sse, sse2, sse3, ssse3, sse4.1, sse4.2, popcnt, avx, avx2, aes, clmul, erms, lzcnt, ht, tsc, tscinvbit, bmi1, bmi2

Memory: 4k page, physical 8299628k(304892k free), swap 12395628k(4192k free)

vm_info: OpenJDK 64-Bit Server VM (25.242-b01) for windows-amd64 JRE (1.8.0_242-release-1644-b01), built by "builder" with MS VC++ 10.0 (VS2010)

time: Fri Apr 02 13:07:34 2021
timezone: Hora estándar, América Central
elapsed time: 29 seconds (0d 0h 0m 29s)

